[+] Containers:
 |- [+] Container: /Game/F_Boss/Maps/TopDownMap_Boss
 |   |- [+] ActorDescs:
 |   |   |- Guid:00EE5A5C4DE1A8BF26519CBE01EBFC13 BaseClass: NativeClass:/Script/Engine.SkyAtmosphere Name:SkyAtmosphere_1 Label:SkyAtmosphere SpatiallyLoaded:0 Bounds:IsValid=true, Min=(X=0.000 Y=0.000 Z=1020.000), Max=(X=0.000 Y=0.000 Z=1020.000) RuntimeGrid:None EditorOnly:0 RuntimeOnly:0 HLODRelevant:0 ListedInSceneOutliner:1 IsMainWorldOnly:0 FolderPath:Lighting FolderGuid:E13570EE436BA15E35C622BAA5B21164
 |   |   |- Guid:0FC8297B4D979FC526A3B4AAF7BD1581 BaseClass: NativeClass:/Script/Engine.PlayerStart Name:PlayerStart_1 Label:PlayerStart SpatiallyLoaded:0 Bounds:IsValid=true, Min=(X=1360.000 Y=1660.000 Z=0.013), Max=(X=1440.000 Y=1740.000 Z=184.013) RuntimeGrid:None EditorOnly:0 RuntimeOnly:0 HLODRelevant:0 ListedInSceneOutliner:1 IsMainWorldOnly:0
 |   |   |- Guid:63A9E0BB45312900561A43A10B7BA508 BaseClass: NativeClass:/Script/Engine.SkyLight Name:SkyLight_1 Label:SkyLight SpatiallyLoaded:0 Bounds:IsValid=true, Min=(X=0.000 Y=0.000 Z=690.000), Max=(X=0.000 Y=0.000 Z=690.000) RuntimeGrid:None EditorOnly:0 RuntimeOnly:0 HLODRelevant:0 ListedInSceneOutliner:1 IsMainWorldOnly:0 FolderPath:Lighting FolderGuid:E13570EE436BA15E35C622BAA5B21164
 |   |   |- Guid:6E76CC60413F518EF48B89A05CB6EB68 BaseClass: NativeClass:/Script/Engine.ExponentialHeightFog Name:ExponentialHeightFog_1 Label:ExponentialHeightFog SpatiallyLoaded:0 Bounds:IsValid=true, Min=(X=-5600.000 Y=-50.000 Z=-6850.000), Max=(X=-5600.000 Y=-50.000 Z=-6850.000) RuntimeGrid:None EditorOnly:0 RuntimeOnly:0 HLODRelevant:0 ListedInSceneOutliner:1 IsMainWorldOnly:0 FolderPath:Lighting FolderGuid:E13570EE436BA15E35C622BAA5B21164
 |   |   |- Guid:80FDF9E14089EC306F5CE79C33191BD4 BaseClass: NativeClass:/Script/Engine.WorldDataLayers Name:WorldDataLayers Label:WorldDataLayers-1 SpatiallyLoaded:0 Bounds:Invalid RuntimeGrid:None EditorOnly:0 RuntimeOnly:0 HLODRelevant:0 ListedInSceneOutliner:1 IsMainWorldOnly:1
 |   |   |- Guid:93FEA0C941BE853F3866F6B52288C2E9 BaseClass: NativeClass:/Script/Engine.TextRenderActor Name:TextRenderActor_1 Label:TextRenderActor SpatiallyLoaded:1 Bounds:IsValid=true, Min=(X=-0.100 Y=1100.000 Z=65.013), Max=(X=-0.100 Y=2225.000 Z=215.013) RuntimeGrid:None EditorOnly:0 RuntimeOnly:0 HLODRelevant:0 ListedInSceneOutliner:1 IsMainWorldOnly:0
 |   |   |- Guid:952AF25C494D02C12B7A3CB5A3C7E76C BaseClass: NativeClass:/Script/Engine.PostProcessVolume Name:PostProcessVolume_1 Label:PostProcessVolume SpatiallyLoaded:0 Bounds:IsValid=true, Min=(X=0.000 Y=0.000 Z=400.000), Max=(X=200.000 Y=200.000 Z=600.000) RuntimeGrid:None EditorOnly:0 RuntimeOnly:0 HLODRelevant:0 ListedInSceneOutliner:1 IsMainWorldOnly:0 FolderPath:Lighting FolderGuid:E13570EE436BA15E35C622BAA5B21164
 |   |   |- Guid:99C8D7C040E3AA9D83163D9880C889C9 BaseClass: NativeClass:/Script/NavigationSystem.NavMeshBoundsVolume Name:NavMeshBoundsVolume_1 Label:NavMeshBoundsVolume SpatiallyLoaded:0 Bounds:IsValid=true, Min=(X=-100.000 Y=-100.000 Z=-110.000), Max=(X=3100.000 Y=3600.000 Z=390.000) RuntimeGrid:None EditorOnly:0 RuntimeOnly:0 HLODRelevant:0 ListedInSceneOutliner:1 IsMainWorldOnly:0 FolderPath:Navigation FolderGuid:5FBB7B1041A3902AEFBB4E87AA1D500F
 |   |   |- Guid:ACD8879C40361F56E61DB4AC1E234EE8 BaseClass: NativeClass:/Script/AIModule.NavLinkProxy Name:NavLinkProxy_1 Label:NavLinkProxy3 SpatiallyLoaded:1 Bounds:IsValid=true, Min=(X=2240.000 Y=1030.000 Z=90.000), Max=(X=2240.000 Y=1030.000 Z=90.000) RuntimeGrid:None EditorOnly:0 RuntimeOnly:0 HLODRelevant:0 ListedInSceneOutliner:1 IsMainWorldOnly:0 FolderPath:Navigation FolderGuid:5FBB7B1041A3902AEFBB4E87AA1D500F
 |   |   |- Guid:AE3D970248A7B5BB6C694FA21CCFC02B BaseClass: NativeClass:/Script/Engine.DirectionalLight Name:DirectionalLight_1 Label:DirectionalLight SpatiallyLoaded:0 Bounds:IsValid=true, Min=(X=-4398046511104.000 Y=-4398046511104.000 Z=-4398046511104.000), Max=(X=4398046511104.000 Y=4398046511104.000 Z=4398046511104.000) RuntimeGrid:None EditorOnly:0 RuntimeOnly:0 HLODRelevant:0 ListedInSceneOutliner:1 IsMainWorldOnly:0 FolderPath:Lighting FolderGuid:E13570EE436BA15E35C622BAA5B21164
 |   |   |- Guid:B9369FBE4124DB31D6D8F5A5D9083FEE BaseClass:/Game/F_Boss/Sevarog_Blueprint/BP_Sevarog.BP_Sevarog_C NativeClass:/Script/Engine.Character Name:BP_Sevarog_C_UAID_C88A9AD3781C19F701_1324436391 Label:BP_Sevarog SpatiallyLoaded:1 Bounds:IsValid=true, Min=(X=1667.296 Y=1468.078 Z=-48.593), Max=(X=2152.564 Y=1918.357 Z=704.063) RuntimeGrid:None EditorOnly:0 RuntimeOnly:0 HLODRelevant:0 ListedInSceneOutliner:1 IsMainWorldOnly:0
 |   |   |- Guid:D91AFB9A418C5F2BA186148C7B614F82 BaseClass: NativeClass:/Script/Engine.VolumetricCloud Name:VolumetricCloud_1 Label:VolumetricCloud SpatiallyLoaded:0 Bounds:IsValid=true, Min=(X=0.000 Y=0.000 Z=820.000), Max=(X=0.000 Y=0.000 Z=820.000) RuntimeGrid:None EditorOnly:0 RuntimeOnly:0 HLODRelevant:0 ListedInSceneOutliner:1 IsMainWorldOnly:0 FolderPath:Lighting FolderGuid:E13570EE436BA15E35C622BAA5B21164
 |   |   |- Guid:FFAFDD314C565788C23F4B8978ACE69C BaseClass: NativeClass:/Script/Engine.StaticMeshActor Name:StaticMeshActor_UAID_A4AE111137DC5CFB00_1546167071 Label:SM_SkySphere SpatiallyLoaded:0 Bounds:IsValid=true, Min=(X=-1638400.000 Y=-1638400.000 Z=-1638400.000), Max=(X=1638400.000 Y=1638400.000 Z=1638400.000) RuntimeGrid:None EditorOnly:0 RuntimeOnly:0 HLODRelevant:1 ListedInSceneOutliner:1 IsMainWorldOnly:0 FolderPath:Lighting FolderGuid:E13570EE436BA15E35C622BAA5B21164
 |   |- [+] Clusters:
 |   |   |- [+] [  0]
 |   |   |   |- Guid:00EE5A5C4DE1A8BF26519CBE01EBFC13 BaseClass: NativeClass:/Script/Engine.SkyAtmosphere Name:SkyAtmosphere_1 Label:SkyAtmosphere SpatiallyLoaded:0 Bounds:IsValid=true, Min=(X=0.000 Y=0.000 Z=1020.000), Max=(X=0.000 Y=0.000 Z=1020.000) RuntimeGrid:None EditorOnly:0 RuntimeOnly:0 HLODRelevant:0 ListedInSceneOutliner:1 IsMainWorldOnly:0 FolderPath:Lighting FolderGuid:E13570EE436BA15E35C622BAA5B21164
 |   |   |- [+] [  1]
 |   |   |   |- Guid:0FC8297B4D979FC526A3B4AAF7BD1581 BaseClass: NativeClass:/Script/Engine.PlayerStart Name:PlayerStart_1 Label:PlayerStart SpatiallyLoaded:0 Bounds:IsValid=true, Min=(X=1360.000 Y=1660.000 Z=0.013), Max=(X=1440.000 Y=1740.000 Z=184.013) RuntimeGrid:None EditorOnly:0 RuntimeOnly:0 HLODRelevant:0 ListedInSceneOutliner:1 IsMainWorldOnly:0
 |   |   |- [+] [  2]
 |   |   |   |- Guid:63A9E0BB45312900561A43A10B7BA508 BaseClass: NativeClass:/Script/Engine.SkyLight Name:SkyLight_1 Label:SkyLight SpatiallyLoaded:0 Bounds:IsValid=true, Min=(X=0.000 Y=0.000 Z=690.000), Max=(X=0.000 Y=0.000 Z=690.000) RuntimeGrid:None EditorOnly:0 RuntimeOnly:0 HLODRelevant:0 ListedInSceneOutliner:1 IsMainWorldOnly:0 FolderPath:Lighting FolderGuid:E13570EE436BA15E35C622BAA5B21164
 |   |   |- [+] [  3]
 |   |   |   |- Guid:6E76CC60413F518EF48B89A05CB6EB68 BaseClass: NativeClass:/Script/Engine.ExponentialHeightFog Name:ExponentialHeightFog_1 Label:ExponentialHeightFog SpatiallyLoaded:0 Bounds:IsValid=true, Min=(X=-5600.000 Y=-50.000 Z=-6850.000), Max=(X=-5600.000 Y=-50.000 Z=-6850.000) RuntimeGrid:None EditorOnly:0 RuntimeOnly:0 HLODRelevant:0 ListedInSceneOutliner:1 IsMainWorldOnly:0 FolderPath:Lighting FolderGuid:E13570EE436BA15E35C622BAA5B21164
 |   |   |- [+] [  4]
 |   |   |   |- Guid:80FDF9E14089EC306F5CE79C33191BD4 BaseClass: NativeClass:/Script/Engine.WorldDataLayers Name:WorldDataLayers Label:WorldDataLayers-1 SpatiallyLoaded:0 Bounds:Invalid RuntimeGrid:None EditorOnly:0 RuntimeOnly:0 HLODRelevant:0 ListedInSceneOutliner:1 IsMainWorldOnly:1
 |   |   |- [+] [  5]
 |   |   |   |- Guid:93FEA0C941BE853F3866F6B52288C2E9 BaseClass: NativeClass:/Script/Engine.TextRenderActor Name:TextRenderActor_1 Label:TextRenderActor SpatiallyLoaded:1 Bounds:IsValid=true, Min=(X=-0.100 Y=1100.000 Z=65.013), Max=(X=-0.100 Y=2225.000 Z=215.013) RuntimeGrid:None EditorOnly:0 RuntimeOnly:0 HLODRelevant:0 ListedInSceneOutliner:1 IsMainWorldOnly:0
 |   |   |- [+] [  6]
 |   |   |   |- Guid:952AF25C494D02C12B7A3CB5A3C7E76C BaseClass: NativeClass:/Script/Engine.PostProcessVolume Name:PostProcessVolume_1 Label:PostProcessVolume SpatiallyLoaded:0 Bounds:IsValid=true, Min=(X=0.000 Y=0.000 Z=400.000), Max=(X=200.000 Y=200.000 Z=600.000) RuntimeGrid:None EditorOnly:0 RuntimeOnly:0 HLODRelevant:0 ListedInSceneOutliner:1 IsMainWorldOnly:0 FolderPath:Lighting FolderGuid:E13570EE436BA15E35C622BAA5B21164
 |   |   |- [+] [  7]
 |   |   |   |- Guid:99C8D7C040E3AA9D83163D9880C889C9 BaseClass: NativeClass:/Script/NavigationSystem.NavMeshBoundsVolume Name:NavMeshBoundsVolume_1 Label:NavMeshBoundsVolume SpatiallyLoaded:0 Bounds:IsValid=true, Min=(X=-100.000 Y=-100.000 Z=-110.000), Max=(X=3100.000 Y=3600.000 Z=390.000) RuntimeGrid:None EditorOnly:0 RuntimeOnly:0 HLODRelevant:0 ListedInSceneOutliner:1 IsMainWorldOnly:0 FolderPath:Navigation FolderGuid:5FBB7B1041A3902AEFBB4E87AA1D500F
 |   |   |- [+] [  8]
 |   |   |   |- Guid:ACD8879C40361F56E61DB4AC1E234EE8 BaseClass: NativeClass:/Script/AIModule.NavLinkProxy Name:NavLinkProxy_1 Label:NavLinkProxy3 SpatiallyLoaded:1 Bounds:IsValid=true, Min=(X=2240.000 Y=1030.000 Z=90.000), Max=(X=2240.000 Y=1030.000 Z=90.000) RuntimeGrid:None EditorOnly:0 RuntimeOnly:0 HLODRelevant:0 ListedInSceneOutliner:1 IsMainWorldOnly:0 FolderPath:Navigation FolderGuid:5FBB7B1041A3902AEFBB4E87AA1D500F
 |   |   |- [+] [  9]
 |   |   |   |- Guid:AE3D970248A7B5BB6C694FA21CCFC02B BaseClass: NativeClass:/Script/Engine.DirectionalLight Name:DirectionalLight_1 Label:DirectionalLight SpatiallyLoaded:0 Bounds:IsValid=true, Min=(X=-4398046511104.000 Y=-4398046511104.000 Z=-4398046511104.000), Max=(X=4398046511104.000 Y=4398046511104.000 Z=4398046511104.000) RuntimeGrid:None EditorOnly:0 RuntimeOnly:0 HLODRelevant:0 ListedInSceneOutliner:1 IsMainWorldOnly:0 FolderPath:Lighting FolderGuid:E13570EE436BA15E35C622BAA5B21164
 |   |   |- [+] [ 10]
 |   |   |   |- Guid:B9369FBE4124DB31D6D8F5A5D9083FEE BaseClass:/Game/F_Boss/Sevarog_Blueprint/BP_Sevarog.BP_Sevarog_C NativeClass:/Script/Engine.Character Name:BP_Sevarog_C_UAID_C88A9AD3781C19F701_1324436391 Label:BP_Sevarog SpatiallyLoaded:1 Bounds:IsValid=true, Min=(X=1667.296 Y=1468.078 Z=-48.593), Max=(X=2152.564 Y=1918.357 Z=704.063) RuntimeGrid:None EditorOnly:0 RuntimeOnly:0 HLODRelevant:0 ListedInSceneOutliner:1 IsMainWorldOnly:0
 |   |   |- [+] [ 11]
 |   |   |   |- Guid:D91AFB9A418C5F2BA186148C7B614F82 BaseClass: NativeClass:/Script/Engine.VolumetricCloud Name:VolumetricCloud_1 Label:VolumetricCloud SpatiallyLoaded:0 Bounds:IsValid=true, Min=(X=0.000 Y=0.000 Z=820.000), Max=(X=0.000 Y=0.000 Z=820.000) RuntimeGrid:None EditorOnly:0 RuntimeOnly:0 HLODRelevant:0 ListedInSceneOutliner:1 IsMainWorldOnly:0 FolderPath:Lighting FolderGuid:E13570EE436BA15E35C622BAA5B21164
 |   |   |- [+] [ 12]
 |   |   |   |- Guid:FFAFDD314C565788C23F4B8978ACE69C BaseClass: NativeClass:/Script/Engine.StaticMeshActor Name:StaticMeshActor_UAID_A4AE111137DC5CFB00_1546167071 Label:SM_SkySphere SpatiallyLoaded:0 Bounds:IsValid=true, Min=(X=-1638400.000 Y=-1638400.000 Z=-1638400.000), Max=(X=1638400.000 Y=1638400.000 Z=1638400.000) RuntimeGrid:None EditorOnly:0 RuntimeOnly:0 HLODRelevant:1 ListedInSceneOutliner:1 IsMainWorldOnly:0 FolderPath:Lighting FolderGuid:E13570EE436BA15E35C622BAA5B21164
 |- ContainerInstances:
 |- [+] MainContainer:
 |   |-        ID: 00000000000000000000000000000000
 |   |-  ParentID: 00000000000000000000000000000000
 |   |-    Bounds: IsValid=false, Min=(X=0.000 Y=0.000 Z=0.000), Max=(X=0.000 Y=0.000 Z=0.000)
 |   |- Transform: 0.000000,0.000000,0.000000|0.000000,0.000000,-0.000000|1.000000,1.000000,1.000000
 |   |- Container: /Game/F_Boss/Maps/TopDownMap_Boss
----------------------------------------------------------------------------------------------------------------
TopDownMap_Boss - Persistent Level
----------------------------------------------------------------------------------------------------------------
[+] Content of TopDownMap_Boss Persistent Level
 |- Always loaded Actor Count: 21 
 |- Actor Path: /Game/F_Boss/Maps/TopDownMap_Boss.TopDownMap_Boss:PersistentLevel.AbstractNavData-Default
 |- Actor Package: /Game/F_Boss/Maps/TopDownMap_Boss
 |- Actor Path: /Game/F_Boss/Maps/TopDownMap_Boss.TopDownMap_Boss:PersistentLevel.BP_Sevarog_C_UAID_C88A9AD3781C19F701_1324436391
 |- Actor Package: /Game/__ExternalActors__/F_Boss/Maps/TopDownMap_Boss/2/FV/DPCQ5U37Y5SZM0TCYNOKKU
 |- Actor Path: /Game/F_Boss/Maps/TopDownMap_Boss.TopDownMap_Boss:PersistentLevel.Brush_0
 |- Actor Package: /Game/F_Boss/Maps/TopDownMap_Boss
 |- Actor Path: /Game/F_Boss/Maps/TopDownMap_Boss.TopDownMap_Boss:PersistentLevel.DefaultPhysicsVolume_0
 |- Actor Package: /Game/F_Boss/Maps/TopDownMap_Boss
 |- Actor Path: /Game/F_Boss/Maps/TopDownMap_Boss.TopDownMap_Boss:PersistentLevel.DirectionalLight_1
 |- Actor Package: /Game/__ExternalActors__/F_Boss/Maps/TopDownMap_Boss/D/CU/QGKNXV2FV6BMHJY7D2LUZP
 |- Actor Path: /Game/F_Boss/Maps/TopDownMap_Boss.TopDownMap_Boss:PersistentLevel.ExponentialHeightFog_1
 |- Actor Package: /Game/__ExternalActors__/F_Boss/Maps/TopDownMap_Boss/C/Q3/7T2ZKQ2CYY62CN03C4S6KG
 |- Actor Path: /Game/F_Boss/Maps/TopDownMap_Boss.TopDownMap_Boss:PersistentLevel.GameplayDebuggerPlayerManager_0
 |- Actor Package: /Game/F_Boss/Maps/TopDownMap_Boss
 |- Actor Path: /Game/F_Boss/Maps/TopDownMap_Boss.TopDownMap_Boss:PersistentLevel.NavLinkProxy_1
 |- Actor Package: /Game/__ExternalActors__/F_Boss/Maps/TopDownMap_Boss/2/FQ/KLWZX8IISE1OWTM33DWBFG
 |- Actor Path: /Game/F_Boss/Maps/TopDownMap_Boss.TopDownMap_Boss:PersistentLevel.NavMeshBoundsVolume_1
 |- Actor Package: /Game/__ExternalActors__/F_Boss/Maps/TopDownMap_Boss/4/4O/JDGV9L7GZFBVN0D8NBGON7
 |- Actor Path: /Game/F_Boss/Maps/TopDownMap_Boss.TopDownMap_Boss:PersistentLevel.PlayerStart_1
 |- Actor Package: /Game/__ExternalActors__/F_Boss/Maps/TopDownMap_Boss/E/QP/6A8QSDBGTCIH656M75SG0Y
 |- Actor Path: /Game/F_Boss/Maps/TopDownMap_Boss.TopDownMap_Boss:PersistentLevel.PostProcessVolume_1
 |- Actor Package: /Game/__ExternalActors__/F_Boss/Maps/TopDownMap_Boss/B/EI/WJQKFIZFS836PWKOZ5KIBO
 |- Actor Path: /Game/F_Boss/Maps/TopDownMap_Boss.TopDownMap_Boss:PersistentLevel.RecastNavMesh-Default
 |- Actor Package: /Game/F_Boss/Maps/TopDownMap_Boss
 |- Actor Path: /Game/F_Boss/Maps/TopDownMap_Boss.TopDownMap_Boss:PersistentLevel.SkyAtmosphere_1
 |- Actor Package: /Game/__ExternalActors__/F_Boss/Maps/TopDownMap_Boss/7/CU/FJAK92BRR9DV2INPFWG89B
 |- Actor Path: /Game/F_Boss/Maps/TopDownMap_Boss.TopDownMap_Boss:PersistentLevel.SkyLight_1
 |- Actor Package: /Game/__ExternalActors__/F_Boss/Maps/TopDownMap_Boss/7/Y4/FMGMVZLDWFX77VGB6R3NUV
 |- Actor Path: /Game/F_Boss/Maps/TopDownMap_Boss.TopDownMap_Boss:PersistentLevel.StaticMeshActor_UAID_A4AE111137DC5CFB00_1546167071
 |- Actor Package: /Game/__ExternalActors__/F_Boss/Maps/TopDownMap_Boss/3/2M/47H40Y3YMNPSGGYCH8W3C2
 |- Actor Path: /Game/F_Boss/Maps/TopDownMap_Boss.TopDownMap_Boss:PersistentLevel.TextRenderActor_1
 |- Actor Package: /Game/__ExternalActors__/F_Boss/Maps/TopDownMap_Boss/2/1K/PD7D8ODOULQ4YUMM0MTH7W
 |- Actor Path: /Game/F_Boss/Maps/TopDownMap_Boss.TopDownMap_Boss:PersistentLevel.TopDownMap1_C_1
 |- Actor Package: /Game/F_Boss/Maps/TopDownMap_Boss
 |- Actor Path: /Game/F_Boss/Maps/TopDownMap_Boss.TopDownMap_Boss:PersistentLevel.VolumetricCloud_1
 |- Actor Package: /Game/__ExternalActors__/F_Boss/Maps/TopDownMap_Boss/D/LC/K0IDLLLZ2U2M917AVEV6DX
 |- Actor Path: /Game/F_Boss/Maps/TopDownMap_Boss.TopDownMap_Boss:PersistentLevel.WorldDataLayers
 |- Actor Package: /Game/__ExternalActors__/F_Boss/Maps/TopDownMap_Boss/2/BL/U61GXNCFRG9BWUS0OAOQI4
 |- Actor Path: /Game/F_Boss/Maps/TopDownMap_Boss.TopDownMap_Boss:PersistentLevel.WorldInfo_0
 |- Actor Package: /Game/F_Boss/Maps/TopDownMap_Boss
 |- Actor Path: /Game/F_Boss/Maps/TopDownMap_Boss.TopDownMap_Boss:PersistentLevel.WorldPartitionMiniMap_0
 |- Actor Package: /Game/__ExternalActors__/F_Boss/Maps/TopDownMap_Boss/D/UB/67CHDSZI7XZLH3Y17YYKJR

----------------------------------------------------------------------------------------------------------------
TopDownMap_Boss - Runtime Spatial Hash - Streaming Grid - MainGrid
----------------------------------------------------------------------------------------------------------------
            Origin: X=0.000 Y=0.000 Z=0.000
         Cell Size: 12800
      World Bounds: IsValid=false, Min=(X=0.000 Y=0.000 Z=0.000), Max=(X=0.000 Y=0.000 Z=0.000)
     Loading Range: 25600.00
Block Slow Loading: No
 ClientOnlyVisible: No
            Origin: X=0.000 Y=0.000 Z=0.000

[+] Grid Levels: 1
 |- Level  0: Cell Count    0 | Cell Size   12800 | Actor Count    0 (0.0%)

[+] Content of Grid Level 0

