[+] Containers:
 |- [+] Container: /Game/RaidCharacter/TopDownMap_Character
 |   |- [+] ActorDescs:
 |   |   |- Guid:00BB0BC5460420DF341A8B8F7215A4C4 BaseClass: NativeClass:/Script/Engine.PostProcessVolume Name:PostProcessVolume_1 Label:PostProcessVolume SpatiallyLoaded:0 Bounds:IsValid=true, Min=(X=0.000 Y=0.000 Z=400.000), Max=(X=200.000 Y=200.000 Z=600.000) RuntimeGrid:None EditorOnly:0 RuntimeOnly:0 HLODRelevant:0 ListedInSceneOutliner:1 IsMainWorldOnly:0 FolderPath:Lighting FolderGuid:E13570EE436BA15E35C622BAA5B21164
 |   |   |- Guid:093502C34A97E2B0FE0341944290C116 BaseClass: NativeClass:/Script/Engine.TextRenderActor Name:TextRenderActor_UAID_3C7C3F839F1C6BFF01_1974267274 Label:Description2 SpatiallyLoaded:1 Bounds:IsValid=true, Min=(X=699.900 Y=1080.000 Z=0.013), Max=(X=999.900 Y=2873.077 Z=0.013) RuntimeGrid:None EditorOnly:0 RuntimeOnly:0 HLODRelevant:0 ListedInSceneOutliner:1 IsMainWorldOnly:0
 |   |   |- Guid:0B028CCC4DEBDD7FB55AF192671D2926 BaseClass: NativeClass:/Script/Engine.WorldDataLayers Name:WorldDataLayers Label:WorldDataLayers-1 SpatiallyLoaded:0 Bounds:Invalid RuntimeGrid:None EditorOnly:0 RuntimeOnly:0 HLODRelevant:0 ListedInSceneOutliner:1 IsMainWorldOnly:1
 |   |   |- Guid:14FA95F94CD76EF407B66EA893701A83 BaseClass: NativeClass:/Script/Engine.StaticMeshActor Name:StaticMeshActor_39 Label:SM_Cube5 SpatiallyLoaded:1 Bounds:IsValid=true, Min=(X=-0.000 Y=100.000 Z=0.000), Max=(X=100.000 Y=3400.000 Z=400.000) RuntimeGrid:None EditorOnly:0 RuntimeOnly:0 HLODRelevant:1 ListedInSceneOutliner:1 IsMainWorldOnly:0 FolderPath:Playground FolderGuid:8746DDAD42A18A3736DBE9BBB77675E5
 |   |   |- Guid:1966A7C34F6D2FCF9EF6E483A0E1F7B0 BaseClass: NativeClass:/Script/Engine.StaticMeshActor Name:StaticMeshActor_40 Label:SM_Cube6 SpatiallyLoaded:1 Bounds:IsValid=true, Min=(X=2900.000 Y=100.000 Z=0.000), Max=(X=3000.000 Y=3400.000 Z=400.000) RuntimeGrid:None EditorOnly:0 RuntimeOnly:0 HLODRelevant:1 ListedInSceneOutliner:1 IsMainWorldOnly:0 FolderPath:Playground FolderGuid:8746DDAD42A18A3736DBE9BBB77675E5
 |   |   |- Guid:239C08D44974B6919D511B993473575B BaseClass: NativeClass:/Script/Engine.StaticMeshActor Name:StaticMeshActor_34 Label:SM_Cube SpatiallyLoaded:1 Bounds:IsValid=true, Min=(X=0.000 Y=0.000 Z=-50.000), Max=(X=3000.000 Y=3500.000 Z=0.000) RuntimeGrid:None EditorOnly:0 RuntimeOnly:0 HLODRelevant:1 ListedInSceneOutliner:1 IsMainWorldOnly:0 FolderPath:Playground FolderGuid:8746DDAD42A18A3736DBE9BBB77675E5
 |   |   |- Guid:23D12CD0426212B55CF830BD5CF0931C BaseClass: NativeClass:/Script/Engine.PlayerStart Name:PlayerStart_1 Label:PlayerStart SpatiallyLoaded:0 Bounds:IsValid=true, Min=(X=960.000 Y=1770.000 Z=0.013), Max=(X=1040.000 Y=1850.000 Z=184.013) RuntimeGrid:None EditorOnly:0 RuntimeOnly:0 HLODRelevant:0 ListedInSceneOutliner:1 IsMainWorldOnly:0
 |   |   |- Guid:29CE01C84E9518614DD94DA57CDA4891 BaseClass: NativeClass:/Script/Engine.VolumetricCloud Name:VolumetricCloud_1 Label:VolumetricCloud SpatiallyLoaded:0 Bounds:IsValid=true, Min=(X=0.000 Y=0.000 Z=820.000), Max=(X=0.000 Y=0.000 Z=820.000) RuntimeGrid:None EditorOnly:0 RuntimeOnly:0 HLODRelevant:0 ListedInSceneOutliner:1 IsMainWorldOnly:0 FolderPath:Lighting FolderGuid:E13570EE436BA15E35C622BAA5B21164
 |   |   |- Guid:2AFB731B449517848F3337A4EB570ABF BaseClass: NativeClass:/Script/Engine.StaticMeshActor Name:StaticMeshActor_53 Label:SM_ChamferCube SpatiallyLoaded:1 Bounds:IsValid=true, Min=(X=761.762 Y=2853.712 Z=0.063), Max=(X=902.646 Y=2994.595 Z=100.063) RuntimeGrid:None EditorOnly:0 RuntimeOnly:0 HLODRelevant:0 ListedInSceneOutliner:1 IsMainWorldOnly:0
 |   |   |- Guid:2E38BD7349ABB77769EE4587A081F0B7 BaseClass: NativeClass:/Script/Engine.StaticMeshActor Name:StaticMeshActor_58 Label:SM_QuarterCylinder7 SpatiallyLoaded:1 Bounds:IsValid=true, Min=(X=1900.000 Y=900.000 Z=0.000), Max=(X=2000.000 Y=1000.000 Z=200.000) RuntimeGrid:None EditorOnly:0 RuntimeOnly:0 HLODRelevant:1 ListedInSceneOutliner:1 IsMainWorldOnly:0 FolderPath:Block01 FolderGuid:A3D0865D40B5211925A81EB39A13C84D
 |   |   |- Guid:2E858350488CC5DC53E05E8A9204373B BaseClass: NativeClass:/Script/Engine.StaticMeshActor Name:StaticMeshActor_36 Label:SM_Cube3 SpatiallyLoaded:1 Bounds:IsValid=true, Min=(X=0.000 Y=3400.000 Z=0.000), Max=(X=3000.000 Y=3500.000 Z=400.000) RuntimeGrid:None EditorOnly:0 RuntimeOnly:0 HLODRelevant:1 ListedInSceneOutliner:1 IsMainWorldOnly:0 FolderPath:Playground FolderGuid:8746DDAD42A18A3736DBE9BBB77675E5
 |   |   |- Guid:300BA47D410BB4FF8019018159595882 BaseClass: NativeClass:/Script/Engine.TextRenderActor Name:TextRenderActor_UAID_3C7C3F839F1C6CFF01_1143949451 Label:Description3 SpatiallyLoaded:1 Bounds:IsValid=true, Min=(X=1644.900 Y=1200.000 Z=20.013), Max=(X=1794.900 Y=2157.692 Z=20.013) RuntimeGrid:None EditorOnly:0 RuntimeOnly:0 HLODRelevant:0 ListedInSceneOutliner:1 IsMainWorldOnly:0
 |   |   |- Guid:314F4CD94D7DE842A9EA29BE65DDDE59 BaseClass: NativeClass:/Script/Engine.StaticMeshActor Name:StaticMeshActor_37 Label:SM_Cube4 SpatiallyLoaded:1 Bounds:IsValid=true, Min=(X=2000.000 Y=600.000 Z=0.000), Max=(X=2400.000 Y=1000.000 Z=200.000) RuntimeGrid:None EditorOnly:0 RuntimeOnly:0 HLODRelevant:1 ListedInSceneOutliner:1 IsMainWorldOnly:0 FolderPath:Block01 FolderGuid:A3D0865D40B5211925A81EB39A13C84D
 |   |   |- Guid:34ED51EC4E75C858278B47985B0719C8 BaseClass: NativeClass:/Script/Engine.StaticMeshActor Name:StaticMeshActor_56 Label:SM_ChamferCube5 SpatiallyLoaded:1 Bounds:IsValid=true, Min=(X=2419.765 Y=1390.593 Z=0.063), Max=(X=2547.936 Y=1518.765 Z=100.063) RuntimeGrid:None EditorOnly:0 RuntimeOnly:0 HLODRelevant:0 ListedInSceneOutliner:1 IsMainWorldOnly:0
 |   |   |- Guid:391E0344415116B684252CA990498774 BaseClass:/Game/RaidCharacter/Test/Test_Damage.Test_Damage_C NativeClass:/Script/Engine.Actor Name:Test_Damage_C_UAID_3C7C3F839F1C6BFF01_1560140271 Label:Test_Damage SpatiallyLoaded:1 Bounds:IsValid=true, Min=(X=1892.000 Y=1282.000 Z=2.000), Max=(X=2148.000 Y=1538.000 Z=258.000) RuntimeGrid:None EditorOnly:0 RuntimeOnly:0 HLODRelevant:0 ListedInSceneOutliner:1 IsMainWorldOnly:0
 |   |   |- Guid:4FDA1C7E4367A87AC5799481A4A4908C BaseClass: NativeClass:/Script/Engine.StaticMeshActor Name:StaticMeshActor_55 Label:SM_ChamferCube4 SpatiallyLoaded:1 Bounds:IsValid=true, Min=(X=663.409 Y=2784.238 Z=0.063), Max=(X=804.292 Y=2925.121 Z=100.063) RuntimeGrid:None EditorOnly:0 RuntimeOnly:0 HLODRelevant:0 ListedInSceneOutliner:1 IsMainWorldOnly:0
 |   |   |- Guid:5057D0F54B746E4CEB7C89AD53567B01 BaseClass: NativeClass:/Script/Engine.TextRenderActor Name:TextRenderActor_UAID_3C7C3F839F1C6CFF01_1266384452 Label:Description4 SpatiallyLoaded:1 Bounds:IsValid=true, Min=(X=1644.900 Y=2360.000 Z=20.013), Max=(X=1794.900 Y=3213.846 Z=20.013) RuntimeGrid:None EditorOnly:0 RuntimeOnly:0 HLODRelevant:0 ListedInSceneOutliner:1 IsMainWorldOnly:0
 |   |   |- Guid:5B5B50EC473AA9516670BA9C163B649D BaseClass: NativeClass:/Script/Engine.StaticMeshActor Name:StaticMeshActor_45 Label:SM_QuarterCylinder3 SpatiallyLoaded:1 Bounds:IsValid=true, Min=(X=2400.000 Y=400.000 Z=0.000), Max=(X=2500.000 Y=500.000 Z=200.000) RuntimeGrid:None EditorOnly:0 RuntimeOnly:0 HLODRelevant:1 ListedInSceneOutliner:1 IsMainWorldOnly:0 FolderPath:Block01 FolderGuid:A3D0865D40B5211925A81EB39A13C84D
 |   |   |- Guid:6406135C41D481B5447A2B91B4E400B9 BaseClass:/Game/RaidCharacter/Test/Test_Heal.Test_Heal_C NativeClass:/Script/Engine.Actor Name:Test_Heal_C_UAID_3C7C3F839F1C6BFF01_1646280272 Label:Test_Heal SpatiallyLoaded:1 Bounds:IsValid=true, Min=(X=1892.000 Y=1822.000 Z=2.000), Max=(X=2148.000 Y=2078.000 Z=258.000) RuntimeGrid:None EditorOnly:0 RuntimeOnly:0 HLODRelevant:0 ListedInSceneOutliner:1 IsMainWorldOnly:0
 |   |   |- Guid:69C5F3634FBE5A272DD7A3826A2A3ADB BaseClass: NativeClass:/Script/Engine.TextRenderActor Name:TextRenderActor_UAID_3C7C3F839F1C6BFF01_1913873273 Label:Description SpatiallyLoaded:1 Bounds:IsValid=true, Min=(X=2879.900 Y=1550.000 Z=65.013), Max=(X=2879.900 Y=2161.538 Z=215.013) RuntimeGrid:None EditorOnly:0 RuntimeOnly:0 HLODRelevant:0 ListedInSceneOutliner:1 IsMainWorldOnly:0
 |   |   |- Guid:6B02FF6B44BD6D7AC075BD911BA149D0 BaseClass: NativeClass:/Script/Engine.SkyAtmosphere Name:SkyAtmosphere_1 Label:SkyAtmosphere SpatiallyLoaded:0 Bounds:IsValid=true, Min=(X=0.000 Y=0.000 Z=1020.000), Max=(X=0.000 Y=0.000 Z=1020.000) RuntimeGrid:None EditorOnly:0 RuntimeOnly:0 HLODRelevant:0 ListedInSceneOutliner:1 IsMainWorldOnly:0 FolderPath:Lighting FolderGuid:E13570EE436BA15E35C622BAA5B21164
 |   |   |- Guid:6D54E0D948B59104838C4B85464D9E06 BaseClass: NativeClass:/Script/AIModule.NavLinkProxy Name:NavLinkProxy_1 Label:NavLinkProxy3 SpatiallyLoaded:1 Bounds:IsValid=true, Min=(X=2240.000 Y=1030.000 Z=90.000), Max=(X=2240.000 Y=1030.000 Z=90.000) RuntimeGrid:None EditorOnly:0 RuntimeOnly:0 HLODRelevant:0 ListedInSceneOutliner:1 IsMainWorldOnly:0 FolderPath:Navigation FolderGuid:5FBB7B1041A3902AEFBB4E87AA1D500F
 |   |   |- Guid:6DE901EB4F61BF9E9B0816A004C2D956 BaseClass: NativeClass:/Script/Engine.StaticMeshActor Name:StaticMeshActor_41 Label:SM_Cube7 SpatiallyLoaded:1 Bounds:IsValid=true, Min=(X=2400.000 Y=500.000 Z=0.000), Max=(X=2500.000 Y=900.000 Z=200.000) RuntimeGrid:None EditorOnly:0 RuntimeOnly:0 HLODRelevant:1 ListedInSceneOutliner:1 IsMainWorldOnly:0 FolderPath:Block01 FolderGuid:A3D0865D40B5211925A81EB39A13C84D
 |   |   |- Guid:704FECE7459181413F81D382314F8AC9 BaseClass: NativeClass:/Script/Engine.ExponentialHeightFog Name:ExponentialHeightFog_1 Label:ExponentialHeightFog SpatiallyLoaded:0 Bounds:IsValid=true, Min=(X=-5600.000 Y=-50.000 Z=-6850.000), Max=(X=-5600.000 Y=-50.000 Z=-6850.000) RuntimeGrid:None EditorOnly:0 RuntimeOnly:0 HLODRelevant:0 ListedInSceneOutliner:1 IsMainWorldOnly:0 FolderPath:Lighting FolderGuid:E13570EE436BA15E35C622BAA5B21164
 |   |   |- Guid:7B06130C43D43F2E0995DEA6766306C8 BaseClass: NativeClass:/Script/Engine.StaticMeshActor Name:StaticMeshActor_38 Label:SM_Ramp2 SpatiallyLoaded:1 Bounds:IsValid=true, Min=(X=1400.000 Y=600.000 Z=0.000), Max=(X=1600.000 Y=1000.000 Z=100.000) RuntimeGrid:None EditorOnly:0 RuntimeOnly:0 HLODRelevant:1 ListedInSceneOutliner:1 IsMainWorldOnly:0 FolderPath:Block01 FolderGuid:A3D0865D40B5211925A81EB39A13C84D
 |   |   |- Guid:88F6D7974599F8971A5739BC9EE29599 BaseClass: NativeClass:/Script/Engine.SkyLight Name:SkyLight_1 Label:SkyLight SpatiallyLoaded:0 Bounds:IsValid=true, Min=(X=0.000 Y=0.000 Z=690.000), Max=(X=0.000 Y=0.000 Z=690.000) RuntimeGrid:None EditorOnly:0 RuntimeOnly:0 HLODRelevant:0 ListedInSceneOutliner:1 IsMainWorldOnly:0 FolderPath:Lighting FolderGuid:E13570EE436BA15E35C622BAA5B21164
 |   |   |- Guid:8A9D32B14B9864202631ABB8D756BBF0 BaseClass: NativeClass:/Script/Engine.StaticMeshActor Name:StaticMeshActor_59 Label:SM_Cube8 SpatiallyLoaded:1 Bounds:IsValid=true, Min=(X=1900.000 Y=600.000 Z=0.000), Max=(X=2000.000 Y=900.000 Z=200.000) RuntimeGrid:None EditorOnly:0 RuntimeOnly:0 HLODRelevant:1 ListedInSceneOutliner:1 IsMainWorldOnly:0 FolderPath:Block01 FolderGuid:A3D0865D40B5211925A81EB39A13C84D
 |   |   |- Guid:8B7FE6074FB6B9379614839C4981AE99 BaseClass: NativeClass:/Script/Engine.StaticMeshActor Name:StaticMeshActor_54 Label:SM_ChamferCube3 SpatiallyLoaded:1 Bounds:IsValid=true, Min=(X=711.512 Y=2824.945 Z=100.063), Max=(X=848.115 Y=2961.548 Z=200.063) RuntimeGrid:None EditorOnly:0 RuntimeOnly:0 HLODRelevant:0 ListedInSceneOutliner:1 IsMainWorldOnly:0
 |   |   |- Guid:9049E2FF45C94023413CCF9ED593C756 BaseClass: NativeClass:/Script/Engine.StaticMeshActor Name:StaticMeshActor_43 Label:SM_Ramp3 SpatiallyLoaded:1 Bounds:IsValid=true, Min=(X=1600.000 Y=400.000 Z=100.000), Max=(X=1900.000 Y=600.000 Z=200.000) RuntimeGrid:None EditorOnly:0 RuntimeOnly:0 HLODRelevant:1 ListedInSceneOutliner:1 IsMainWorldOnly:0 FolderPath:Block01 FolderGuid:A3D0865D40B5211925A81EB39A13C84D
 |   |   |- Guid:9E041023496E5949E3CAE1A0EEF9FE9B BaseClass: NativeClass:/Script/Engine.StaticMeshActor Name:StaticMeshActor_35 Label:SM_Cube2 SpatiallyLoaded:1 Bounds:IsValid=true, Min=(X=0.000 Y=0.000 Z=0.000), Max=(X=3000.000 Y=100.000 Z=400.000) RuntimeGrid:None EditorOnly:0 RuntimeOnly:0 HLODRelevant:1 ListedInSceneOutliner:1 IsMainWorldOnly:0 FolderPath:Playground FolderGuid:8746DDAD42A18A3736DBE9BBB77675E5
 |   |   |- Guid:AFD2DB654474F9F3DD49B38C4F623C3A BaseClass: NativeClass:/Script/Engine.StaticMeshActor Name:StaticMeshActor_42 Label:SM_Cube9 SpatiallyLoaded:1 Bounds:IsValid=true, Min=(X=1400.000 Y=400.000 Z=0.000), Max=(X=2400.000 Y=600.000 Z=100.000) RuntimeGrid:None EditorOnly:0 RuntimeOnly:0 HLODRelevant:1 ListedInSceneOutliner:1 IsMainWorldOnly:0 FolderPath:Block01 FolderGuid:A3D0865D40B5211925A81EB39A13C84D
 |   |   |- Guid:CC2BFC504A781C7296A60D818EE6466B BaseClass: NativeClass:/Script/NavigationSystem.NavMeshBoundsVolume Name:NavMeshBoundsVolume_1 Label:NavMeshBoundsVolume SpatiallyLoaded:0 Bounds:IsValid=true, Min=(X=-100.000 Y=-100.000 Z=-110.000), Max=(X=3100.000 Y=3600.000 Z=390.000) RuntimeGrid:None EditorOnly:0 RuntimeOnly:0 HLODRelevant:0 ListedInSceneOutliner:1 IsMainWorldOnly:0 FolderPath:Navigation FolderGuid:5FBB7B1041A3902AEFBB4E87AA1D500F
 |   |   |- Guid:DDCE49DE4141593DC10A4592396AD217 BaseClass: NativeClass:/Script/Engine.TextRenderActor Name:TextRenderActor_1 Label:TextRenderActor SpatiallyLoaded:1 Bounds:IsValid=true, Min=(X=-0.100 Y=1100.000 Z=65.013), Max=(X=-0.100 Y=2225.000 Z=215.013) RuntimeGrid:None EditorOnly:0 RuntimeOnly:0 HLODRelevant:0 ListedInSceneOutliner:1 IsMainWorldOnly:0
 |   |   |- Guid:DF9D90D74E1640EC08C10DA6C755E5A5 BaseClass: NativeClass:/Script/Engine.StaticMeshActor Name:StaticMeshActor_44 Label:SM_Cube10 SpatiallyLoaded:1 Bounds:IsValid=true, Min=(X=1900.000 Y=400.000 Z=100.000), Max=(X=2400.000 Y=600.000 Z=200.000) RuntimeGrid:None EditorOnly:0 RuntimeOnly:0 HLODRelevant:1 ListedInSceneOutliner:1 IsMainWorldOnly:0 FolderPath:Block01 FolderGuid:A3D0865D40B5211925A81EB39A13C84D
 |   |   |- Guid:EDE965A845327597849A49BD87552F79 BaseClass: NativeClass:/Script/Engine.DirectionalLight Name:DirectionalLight_1 Label:DirectionalLight SpatiallyLoaded:0 Bounds:IsValid=true, Min=(X=-4398046511104.000 Y=-4398046511104.000 Z=-4398046511104.000), Max=(X=4398046511104.000 Y=4398046511104.000 Z=4398046511104.000) RuntimeGrid:None EditorOnly:0 RuntimeOnly:0 HLODRelevant:0 ListedInSceneOutliner:1 IsMainWorldOnly:0 FolderPath:Lighting FolderGuid:E13570EE436BA15E35C622BAA5B21164
 |   |   |- Guid:F9803796499A4943B3418784C4709AFD BaseClass: NativeClass:/Script/Engine.StaticMeshActor Name:StaticMeshActor_46 Label:SM_QuarterCylinder6 SpatiallyLoaded:1 Bounds:IsValid=true, Min=(X=2400.000 Y=900.000 Z=0.000), Max=(X=2500.000 Y=1000.000 Z=200.000) RuntimeGrid:None EditorOnly:0 RuntimeOnly:0 HLODRelevant:1 ListedInSceneOutliner:1 IsMainWorldOnly:0 FolderPath:Block01 FolderGuid:A3D0865D40B5211925A81EB39A13C84D
 |   |   |- Guid:FF4AEBBA4DFEC67D66FEBB8C2ECD11C8 BaseClass: NativeClass:/Script/Engine.StaticMeshActor Name:StaticMeshActor_UAID_A4AE111137DC5CFB00_1546167071 Label:SM_SkySphere SpatiallyLoaded:0 Bounds:IsValid=true, Min=(X=-1638400.000 Y=-1638400.000 Z=-1638400.000), Max=(X=1638400.000 Y=1638400.000 Z=1638400.000) RuntimeGrid:None EditorOnly:0 RuntimeOnly:0 HLODRelevant:1 ListedInSceneOutliner:1 IsMainWorldOnly:0 FolderPath:Lighting FolderGuid:E13570EE436BA15E35C622BAA5B21164
 |   |- [+] Clusters:
 |   |   |- [+] [  0]
 |   |   |   |- Guid:00BB0BC5460420DF341A8B8F7215A4C4 BaseClass: NativeClass:/Script/Engine.PostProcessVolume Name:PostProcessVolume_1 Label:PostProcessVolume SpatiallyLoaded:0 Bounds:IsValid=true, Min=(X=0.000 Y=0.000 Z=400.000), Max=(X=200.000 Y=200.000 Z=600.000) RuntimeGrid:None EditorOnly:0 RuntimeOnly:0 HLODRelevant:0 ListedInSceneOutliner:1 IsMainWorldOnly:0 FolderPath:Lighting FolderGuid:E13570EE436BA15E35C622BAA5B21164
 |   |   |- [+] [  1]
 |   |   |   |- Guid:093502C34A97E2B0FE0341944290C116 BaseClass: NativeClass:/Script/Engine.TextRenderActor Name:TextRenderActor_UAID_3C7C3F839F1C6BFF01_1974267274 Label:Description2 SpatiallyLoaded:1 Bounds:IsValid=true, Min=(X=699.900 Y=1080.000 Z=0.013), Max=(X=999.900 Y=2873.077 Z=0.013) RuntimeGrid:None EditorOnly:0 RuntimeOnly:0 HLODRelevant:0 ListedInSceneOutliner:1 IsMainWorldOnly:0
 |   |   |- [+] [  2]
 |   |   |   |- Guid:0B028CCC4DEBDD7FB55AF192671D2926 BaseClass: NativeClass:/Script/Engine.WorldDataLayers Name:WorldDataLayers Label:WorldDataLayers-1 SpatiallyLoaded:0 Bounds:Invalid RuntimeGrid:None EditorOnly:0 RuntimeOnly:0 HLODRelevant:0 ListedInSceneOutliner:1 IsMainWorldOnly:1
 |   |   |- [+] [  3]
 |   |   |   |- Guid:14FA95F94CD76EF407B66EA893701A83 BaseClass: NativeClass:/Script/Engine.StaticMeshActor Name:StaticMeshActor_39 Label:SM_Cube5 SpatiallyLoaded:1 Bounds:IsValid=true, Min=(X=-0.000 Y=100.000 Z=0.000), Max=(X=100.000 Y=3400.000 Z=400.000) RuntimeGrid:None EditorOnly:0 RuntimeOnly:0 HLODRelevant:1 ListedInSceneOutliner:1 IsMainWorldOnly:0 FolderPath:Playground FolderGuid:8746DDAD42A18A3736DBE9BBB77675E5
 |   |   |- [+] [  4]
 |   |   |   |- Guid:1966A7C34F6D2FCF9EF6E483A0E1F7B0 BaseClass: NativeClass:/Script/Engine.StaticMeshActor Name:StaticMeshActor_40 Label:SM_Cube6 SpatiallyLoaded:1 Bounds:IsValid=true, Min=(X=2900.000 Y=100.000 Z=0.000), Max=(X=3000.000 Y=3400.000 Z=400.000) RuntimeGrid:None EditorOnly:0 RuntimeOnly:0 HLODRelevant:1 ListedInSceneOutliner:1 IsMainWorldOnly:0 FolderPath:Playground FolderGuid:8746DDAD42A18A3736DBE9BBB77675E5
 |   |   |- [+] [  5]
 |   |   |   |- Guid:239C08D44974B6919D511B993473575B BaseClass: NativeClass:/Script/Engine.StaticMeshActor Name:StaticMeshActor_34 Label:SM_Cube SpatiallyLoaded:1 Bounds:IsValid=true, Min=(X=0.000 Y=0.000 Z=-50.000), Max=(X=3000.000 Y=3500.000 Z=0.000) RuntimeGrid:None EditorOnly:0 RuntimeOnly:0 HLODRelevant:1 ListedInSceneOutliner:1 IsMainWorldOnly:0 FolderPath:Playground FolderGuid:8746DDAD42A18A3736DBE9BBB77675E5
 |   |   |- [+] [  6]
 |   |   |   |- Guid:23D12CD0426212B55CF830BD5CF0931C BaseClass: NativeClass:/Script/Engine.PlayerStart Name:PlayerStart_1 Label:PlayerStart SpatiallyLoaded:0 Bounds:IsValid=true, Min=(X=960.000 Y=1770.000 Z=0.013), Max=(X=1040.000 Y=1850.000 Z=184.013) RuntimeGrid:None EditorOnly:0 RuntimeOnly:0 HLODRelevant:0 ListedInSceneOutliner:1 IsMainWorldOnly:0
 |   |   |- [+] [  7]
 |   |   |   |- Guid:29CE01C84E9518614DD94DA57CDA4891 BaseClass: NativeClass:/Script/Engine.VolumetricCloud Name:VolumetricCloud_1 Label:VolumetricCloud SpatiallyLoaded:0 Bounds:IsValid=true, Min=(X=0.000 Y=0.000 Z=820.000), Max=(X=0.000 Y=0.000 Z=820.000) RuntimeGrid:None EditorOnly:0 RuntimeOnly:0 HLODRelevant:0 ListedInSceneOutliner:1 IsMainWorldOnly:0 FolderPath:Lighting FolderGuid:E13570EE436BA15E35C622BAA5B21164
 |   |   |- [+] [  8]
 |   |   |   |- Guid:2AFB731B449517848F3337A4EB570ABF BaseClass: NativeClass:/Script/Engine.StaticMeshActor Name:StaticMeshActor_53 Label:SM_ChamferCube SpatiallyLoaded:1 Bounds:IsValid=true, Min=(X=761.762 Y=2853.712 Z=0.063), Max=(X=902.646 Y=2994.595 Z=100.063) RuntimeGrid:None EditorOnly:0 RuntimeOnly:0 HLODRelevant:0 ListedInSceneOutliner:1 IsMainWorldOnly:0
 |   |   |- [+] [  9]
 |   |   |   |- Guid:2E38BD7349ABB77769EE4587A081F0B7 BaseClass: NativeClass:/Script/Engine.StaticMeshActor Name:StaticMeshActor_58 Label:SM_QuarterCylinder7 SpatiallyLoaded:1 Bounds:IsValid=true, Min=(X=1900.000 Y=900.000 Z=0.000), Max=(X=2000.000 Y=1000.000 Z=200.000) RuntimeGrid:None EditorOnly:0 RuntimeOnly:0 HLODRelevant:1 ListedInSceneOutliner:1 IsMainWorldOnly:0 FolderPath:Block01 FolderGuid:A3D0865D40B5211925A81EB39A13C84D
 |   |   |- [+] [ 10]
 |   |   |   |- Guid:2E858350488CC5DC53E05E8A9204373B BaseClass: NativeClass:/Script/Engine.StaticMeshActor Name:StaticMeshActor_36 Label:SM_Cube3 SpatiallyLoaded:1 Bounds:IsValid=true, Min=(X=0.000 Y=3400.000 Z=0.000), Max=(X=3000.000 Y=3500.000 Z=400.000) RuntimeGrid:None EditorOnly:0 RuntimeOnly:0 HLODRelevant:1 ListedInSceneOutliner:1 IsMainWorldOnly:0 FolderPath:Playground FolderGuid:8746DDAD42A18A3736DBE9BBB77675E5
 |   |   |- [+] [ 11]
 |   |   |   |- Guid:300BA47D410BB4FF8019018159595882 BaseClass: NativeClass:/Script/Engine.TextRenderActor Name:TextRenderActor_UAID_3C7C3F839F1C6CFF01_1143949451 Label:Description3 SpatiallyLoaded:1 Bounds:IsValid=true, Min=(X=1644.900 Y=1200.000 Z=20.013), Max=(X=1794.900 Y=2157.692 Z=20.013) RuntimeGrid:None EditorOnly:0 RuntimeOnly:0 HLODRelevant:0 ListedInSceneOutliner:1 IsMainWorldOnly:0
 |   |   |- [+] [ 12]
 |   |   |   |- Guid:314F4CD94D7DE842A9EA29BE65DDDE59 BaseClass: NativeClass:/Script/Engine.StaticMeshActor Name:StaticMeshActor_37 Label:SM_Cube4 SpatiallyLoaded:1 Bounds:IsValid=true, Min=(X=2000.000 Y=600.000 Z=0.000), Max=(X=2400.000 Y=1000.000 Z=200.000) RuntimeGrid:None EditorOnly:0 RuntimeOnly:0 HLODRelevant:1 ListedInSceneOutliner:1 IsMainWorldOnly:0 FolderPath:Block01 FolderGuid:A3D0865D40B5211925A81EB39A13C84D
 |   |   |- [+] [ 13]
 |   |   |   |- Guid:34ED51EC4E75C858278B47985B0719C8 BaseClass: NativeClass:/Script/Engine.StaticMeshActor Name:StaticMeshActor_56 Label:SM_ChamferCube5 SpatiallyLoaded:1 Bounds:IsValid=true, Min=(X=2419.765 Y=1390.593 Z=0.063), Max=(X=2547.936 Y=1518.765 Z=100.063) RuntimeGrid:None EditorOnly:0 RuntimeOnly:0 HLODRelevant:0 ListedInSceneOutliner:1 IsMainWorldOnly:0
 |   |   |- [+] [ 14]
 |   |   |   |- Guid:391E0344415116B684252CA990498774 BaseClass:/Game/RaidCharacter/Test/Test_Damage.Test_Damage_C NativeClass:/Script/Engine.Actor Name:Test_Damage_C_UAID_3C7C3F839F1C6BFF01_1560140271 Label:Test_Damage SpatiallyLoaded:1 Bounds:IsValid=true, Min=(X=1892.000 Y=1282.000 Z=2.000), Max=(X=2148.000 Y=1538.000 Z=258.000) RuntimeGrid:None EditorOnly:0 RuntimeOnly:0 HLODRelevant:0 ListedInSceneOutliner:1 IsMainWorldOnly:0
 |   |   |- [+] [ 15]
 |   |   |   |- Guid:4FDA1C7E4367A87AC5799481A4A4908C BaseClass: NativeClass:/Script/Engine.StaticMeshActor Name:StaticMeshActor_55 Label:SM_ChamferCube4 SpatiallyLoaded:1 Bounds:IsValid=true, Min=(X=663.409 Y=2784.238 Z=0.063), Max=(X=804.292 Y=2925.121 Z=100.063) RuntimeGrid:None EditorOnly:0 RuntimeOnly:0 HLODRelevant:0 ListedInSceneOutliner:1 IsMainWorldOnly:0
 |   |   |- [+] [ 16]
 |   |   |   |- Guid:5057D0F54B746E4CEB7C89AD53567B01 BaseClass: NativeClass:/Script/Engine.TextRenderActor Name:TextRenderActor_UAID_3C7C3F839F1C6CFF01_1266384452 Label:Description4 SpatiallyLoaded:1 Bounds:IsValid=true, Min=(X=1644.900 Y=2360.000 Z=20.013), Max=(X=1794.900 Y=3213.846 Z=20.013) RuntimeGrid:None EditorOnly:0 RuntimeOnly:0 HLODRelevant:0 ListedInSceneOutliner:1 IsMainWorldOnly:0
 |   |   |- [+] [ 17]
 |   |   |   |- Guid:5B5B50EC473AA9516670BA9C163B649D BaseClass: NativeClass:/Script/Engine.StaticMeshActor Name:StaticMeshActor_45 Label:SM_QuarterCylinder3 SpatiallyLoaded:1 Bounds:IsValid=true, Min=(X=2400.000 Y=400.000 Z=0.000), Max=(X=2500.000 Y=500.000 Z=200.000) RuntimeGrid:None EditorOnly:0 RuntimeOnly:0 HLODRelevant:1 ListedInSceneOutliner:1 IsMainWorldOnly:0 FolderPath:Block01 FolderGuid:A3D0865D40B5211925A81EB39A13C84D
 |   |   |- [+] [ 18]
 |   |   |   |- Guid:6406135C41D481B5447A2B91B4E400B9 BaseClass:/Game/RaidCharacter/Test/Test_Heal.Test_Heal_C NativeClass:/Script/Engine.Actor Name:Test_Heal_C_UAID_3C7C3F839F1C6BFF01_1646280272 Label:Test_Heal SpatiallyLoaded:1 Bounds:IsValid=true, Min=(X=1892.000 Y=1822.000 Z=2.000), Max=(X=2148.000 Y=2078.000 Z=258.000) RuntimeGrid:None EditorOnly:0 RuntimeOnly:0 HLODRelevant:0 ListedInSceneOutliner:1 IsMainWorldOnly:0
 |   |   |- [+] [ 19]
 |   |   |   |- Guid:69C5F3634FBE5A272DD7A3826A2A3ADB BaseClass: NativeClass:/Script/Engine.TextRenderActor Name:TextRenderActor_UAID_3C7C3F839F1C6BFF01_1913873273 Label:Description SpatiallyLoaded:1 Bounds:IsValid=true, Min=(X=2879.900 Y=1550.000 Z=65.013), Max=(X=2879.900 Y=2161.538 Z=215.013) RuntimeGrid:None EditorOnly:0 RuntimeOnly:0 HLODRelevant:0 ListedInSceneOutliner:1 IsMainWorldOnly:0
 |   |   |- [+] [ 20]
 |   |   |   |- Guid:6B02FF6B44BD6D7AC075BD911BA149D0 BaseClass: NativeClass:/Script/Engine.SkyAtmosphere Name:SkyAtmosphere_1 Label:SkyAtmosphere SpatiallyLoaded:0 Bounds:IsValid=true, Min=(X=0.000 Y=0.000 Z=1020.000), Max=(X=0.000 Y=0.000 Z=1020.000) RuntimeGrid:None EditorOnly:0 RuntimeOnly:0 HLODRelevant:0 ListedInSceneOutliner:1 IsMainWorldOnly:0 FolderPath:Lighting FolderGuid:E13570EE436BA15E35C622BAA5B21164
 |   |   |- [+] [ 21]
 |   |   |   |- Guid:6D54E0D948B59104838C4B85464D9E06 BaseClass: NativeClass:/Script/AIModule.NavLinkProxy Name:NavLinkProxy_1 Label:NavLinkProxy3 SpatiallyLoaded:1 Bounds:IsValid=true, Min=(X=2240.000 Y=1030.000 Z=90.000), Max=(X=2240.000 Y=1030.000 Z=90.000) RuntimeGrid:None EditorOnly:0 RuntimeOnly:0 HLODRelevant:0 ListedInSceneOutliner:1 IsMainWorldOnly:0 FolderPath:Navigation FolderGuid:5FBB7B1041A3902AEFBB4E87AA1D500F
 |   |   |- [+] [ 22]
 |   |   |   |- Guid:6DE901EB4F61BF9E9B0816A004C2D956 BaseClass: NativeClass:/Script/Engine.StaticMeshActor Name:StaticMeshActor_41 Label:SM_Cube7 SpatiallyLoaded:1 Bounds:IsValid=true, Min=(X=2400.000 Y=500.000 Z=0.000), Max=(X=2500.000 Y=900.000 Z=200.000) RuntimeGrid:None EditorOnly:0 RuntimeOnly:0 HLODRelevant:1 ListedInSceneOutliner:1 IsMainWorldOnly:0 FolderPath:Block01 FolderGuid:A3D0865D40B5211925A81EB39A13C84D
 |   |   |- [+] [ 23]
 |   |   |   |- Guid:704FECE7459181413F81D382314F8AC9 BaseClass: NativeClass:/Script/Engine.ExponentialHeightFog Name:ExponentialHeightFog_1 Label:ExponentialHeightFog SpatiallyLoaded:0 Bounds:IsValid=true, Min=(X=-5600.000 Y=-50.000 Z=-6850.000), Max=(X=-5600.000 Y=-50.000 Z=-6850.000) RuntimeGrid:None EditorOnly:0 RuntimeOnly:0 HLODRelevant:0 ListedInSceneOutliner:1 IsMainWorldOnly:0 FolderPath:Lighting FolderGuid:E13570EE436BA15E35C622BAA5B21164
 |   |   |- [+] [ 24]
 |   |   |   |- Guid:7B06130C43D43F2E0995DEA6766306C8 BaseClass: NativeClass:/Script/Engine.StaticMeshActor Name:StaticMeshActor_38 Label:SM_Ramp2 SpatiallyLoaded:1 Bounds:IsValid=true, Min=(X=1400.000 Y=600.000 Z=0.000), Max=(X=1600.000 Y=1000.000 Z=100.000) RuntimeGrid:None EditorOnly:0 RuntimeOnly:0 HLODRelevant:1 ListedInSceneOutliner:1 IsMainWorldOnly:0 FolderPath:Block01 FolderGuid:A3D0865D40B5211925A81EB39A13C84D
 |   |   |- [+] [ 25]
 |   |   |   |- Guid:88F6D7974599F8971A5739BC9EE29599 BaseClass: NativeClass:/Script/Engine.SkyLight Name:SkyLight_1 Label:SkyLight SpatiallyLoaded:0 Bounds:IsValid=true, Min=(X=0.000 Y=0.000 Z=690.000), Max=(X=0.000 Y=0.000 Z=690.000) RuntimeGrid:None EditorOnly:0 RuntimeOnly:0 HLODRelevant:0 ListedInSceneOutliner:1 IsMainWorldOnly:0 FolderPath:Lighting FolderGuid:E13570EE436BA15E35C622BAA5B21164
 |   |   |- [+] [ 26]
 |   |   |   |- Guid:8A9D32B14B9864202631ABB8D756BBF0 BaseClass: NativeClass:/Script/Engine.StaticMeshActor Name:StaticMeshActor_59 Label:SM_Cube8 SpatiallyLoaded:1 Bounds:IsValid=true, Min=(X=1900.000 Y=600.000 Z=0.000), Max=(X=2000.000 Y=900.000 Z=200.000) RuntimeGrid:None EditorOnly:0 RuntimeOnly:0 HLODRelevant:1 ListedInSceneOutliner:1 IsMainWorldOnly:0 FolderPath:Block01 FolderGuid:A3D0865D40B5211925A81EB39A13C84D
 |   |   |- [+] [ 27]
 |   |   |   |- Guid:8B7FE6074FB6B9379614839C4981AE99 BaseClass: NativeClass:/Script/Engine.StaticMeshActor Name:StaticMeshActor_54 Label:SM_ChamferCube3 SpatiallyLoaded:1 Bounds:IsValid=true, Min=(X=711.512 Y=2824.945 Z=100.063), Max=(X=848.115 Y=2961.548 Z=200.063) RuntimeGrid:None EditorOnly:0 RuntimeOnly:0 HLODRelevant:0 ListedInSceneOutliner:1 IsMainWorldOnly:0
 |   |   |- [+] [ 28]
 |   |   |   |- Guid:9049E2FF45C94023413CCF9ED593C756 BaseClass: NativeClass:/Script/Engine.StaticMeshActor Name:StaticMeshActor_43 Label:SM_Ramp3 SpatiallyLoaded:1 Bounds:IsValid=true, Min=(X=1600.000 Y=400.000 Z=100.000), Max=(X=1900.000 Y=600.000 Z=200.000) RuntimeGrid:None EditorOnly:0 RuntimeOnly:0 HLODRelevant:1 ListedInSceneOutliner:1 IsMainWorldOnly:0 FolderPath:Block01 FolderGuid:A3D0865D40B5211925A81EB39A13C84D
 |   |   |- [+] [ 29]
 |   |   |   |- Guid:9E041023496E5949E3CAE1A0EEF9FE9B BaseClass: NativeClass:/Script/Engine.StaticMeshActor Name:StaticMeshActor_35 Label:SM_Cube2 SpatiallyLoaded:1 Bounds:IsValid=true, Min=(X=0.000 Y=0.000 Z=0.000), Max=(X=3000.000 Y=100.000 Z=400.000) RuntimeGrid:None EditorOnly:0 RuntimeOnly:0 HLODRelevant:1 ListedInSceneOutliner:1 IsMainWorldOnly:0 FolderPath:Playground FolderGuid:8746DDAD42A18A3736DBE9BBB77675E5
 |   |   |- [+] [ 30]
 |   |   |   |- Guid:AFD2DB654474F9F3DD49B38C4F623C3A BaseClass: NativeClass:/Script/Engine.StaticMeshActor Name:StaticMeshActor_42 Label:SM_Cube9 SpatiallyLoaded:1 Bounds:IsValid=true, Min=(X=1400.000 Y=400.000 Z=0.000), Max=(X=2400.000 Y=600.000 Z=100.000) RuntimeGrid:None EditorOnly:0 RuntimeOnly:0 HLODRelevant:1 ListedInSceneOutliner:1 IsMainWorldOnly:0 FolderPath:Block01 FolderGuid:A3D0865D40B5211925A81EB39A13C84D
 |   |   |- [+] [ 31]
 |   |   |   |- Guid:CC2BFC504A781C7296A60D818EE6466B BaseClass: NativeClass:/Script/NavigationSystem.NavMeshBoundsVolume Name:NavMeshBoundsVolume_1 Label:NavMeshBoundsVolume SpatiallyLoaded:0 Bounds:IsValid=true, Min=(X=-100.000 Y=-100.000 Z=-110.000), Max=(X=3100.000 Y=3600.000 Z=390.000) RuntimeGrid:None EditorOnly:0 RuntimeOnly:0 HLODRelevant:0 ListedInSceneOutliner:1 IsMainWorldOnly:0 FolderPath:Navigation FolderGuid:5FBB7B1041A3902AEFBB4E87AA1D500F
 |   |   |- [+] [ 32]
 |   |   |   |- Guid:DDCE49DE4141593DC10A4592396AD217 BaseClass: NativeClass:/Script/Engine.TextRenderActor Name:TextRenderActor_1 Label:TextRenderActor SpatiallyLoaded:1 Bounds:IsValid=true, Min=(X=-0.100 Y=1100.000 Z=65.013), Max=(X=-0.100 Y=2225.000 Z=215.013) RuntimeGrid:None EditorOnly:0 RuntimeOnly:0 HLODRelevant:0 ListedInSceneOutliner:1 IsMainWorldOnly:0
 |   |   |- [+] [ 33]
 |   |   |   |- Guid:DF9D90D74E1640EC08C10DA6C755E5A5 BaseClass: NativeClass:/Script/Engine.StaticMeshActor Name:StaticMeshActor_44 Label:SM_Cube10 SpatiallyLoaded:1 Bounds:IsValid=true, Min=(X=1900.000 Y=400.000 Z=100.000), Max=(X=2400.000 Y=600.000 Z=200.000) RuntimeGrid:None EditorOnly:0 RuntimeOnly:0 HLODRelevant:1 ListedInSceneOutliner:1 IsMainWorldOnly:0 FolderPath:Block01 FolderGuid:A3D0865D40B5211925A81EB39A13C84D
 |   |   |- [+] [ 34]
 |   |   |   |- Guid:EDE965A845327597849A49BD87552F79 BaseClass: NativeClass:/Script/Engine.DirectionalLight Name:DirectionalLight_1 Label:DirectionalLight SpatiallyLoaded:0 Bounds:IsValid=true, Min=(X=-4398046511104.000 Y=-4398046511104.000 Z=-4398046511104.000), Max=(X=4398046511104.000 Y=4398046511104.000 Z=4398046511104.000) RuntimeGrid:None EditorOnly:0 RuntimeOnly:0 HLODRelevant:0 ListedInSceneOutliner:1 IsMainWorldOnly:0 FolderPath:Lighting FolderGuid:E13570EE436BA15E35C622BAA5B21164
 |   |   |- [+] [ 35]
 |   |   |   |- Guid:F9803796499A4943B3418784C4709AFD BaseClass: NativeClass:/Script/Engine.StaticMeshActor Name:StaticMeshActor_46 Label:SM_QuarterCylinder6 SpatiallyLoaded:1 Bounds:IsValid=true, Min=(X=2400.000 Y=900.000 Z=0.000), Max=(X=2500.000 Y=1000.000 Z=200.000) RuntimeGrid:None EditorOnly:0 RuntimeOnly:0 HLODRelevant:1 ListedInSceneOutliner:1 IsMainWorldOnly:0 FolderPath:Block01 FolderGuid:A3D0865D40B5211925A81EB39A13C84D
 |   |   |- [+] [ 36]
 |   |   |   |- Guid:FF4AEBBA4DFEC67D66FEBB8C2ECD11C8 BaseClass: NativeClass:/Script/Engine.StaticMeshActor Name:StaticMeshActor_UAID_A4AE111137DC5CFB00_1546167071 Label:SM_SkySphere SpatiallyLoaded:0 Bounds:IsValid=true, Min=(X=-1638400.000 Y=-1638400.000 Z=-1638400.000), Max=(X=1638400.000 Y=1638400.000 Z=1638400.000) RuntimeGrid:None EditorOnly:0 RuntimeOnly:0 HLODRelevant:1 ListedInSceneOutliner:1 IsMainWorldOnly:0 FolderPath:Lighting FolderGuid:E13570EE436BA15E35C622BAA5B21164
 |- ContainerInstances:
 |- [+] MainContainer:
 |   |-        ID: 00000000000000000000000000000000
 |   |-  ParentID: 00000000000000000000000000000000
 |   |-    Bounds: IsValid=false, Min=(X=0.000 Y=0.000 Z=0.000), Max=(X=0.000 Y=0.000 Z=0.000)
 |   |- Transform: 0.000000,0.000000,0.000000|0.000000,0.000000,-0.000000|1.000000,1.000000,1.000000
 |   |- Container: /Game/RaidCharacter/TopDownMap_Character
----------------------------------------------------------------------------------------------------------------
TopDownMap_Character - Persistent Level
----------------------------------------------------------------------------------------------------------------
[+] Content of TopDownMap_Character Persistent Level
 |- Always loaded Actor Count: 45 
 |- Actor Path: /Game/RaidCharacter/TopDownMap_Character.TopDownMap_Character:PersistentLevel.AbstractNavData-Default
 |- Actor Package: /Game/RaidCharacter/TopDownMap_Character
 |- Actor Path: /Game/RaidCharacter/TopDownMap_Character.TopDownMap_Character:PersistentLevel.Brush_0
 |- Actor Package: /Game/RaidCharacter/TopDownMap_Character
 |- Actor Path: /Game/RaidCharacter/TopDownMap_Character.TopDownMap_Character:PersistentLevel.DefaultPhysicsVolume_0
 |- Actor Package: /Game/RaidCharacter/TopDownMap_Character
 |- Actor Path: /Game/RaidCharacter/TopDownMap_Character.TopDownMap_Character:PersistentLevel.DirectionalLight_1
 |- Actor Package: /Game/__ExternalActors__/RaidCharacter/TopDownMap_Character/3/9Z/E4BOG0CDYPLT7ON6YOA4T2
 |- Actor Path: /Game/RaidCharacter/TopDownMap_Character.TopDownMap_Character:PersistentLevel.ExponentialHeightFog_1
 |- Actor Package: /Game/__ExternalActors__/RaidCharacter/TopDownMap_Character/4/H0/QD87F71M33WOSP5PSYQNUJ
 |- Actor Path: /Game/RaidCharacter/TopDownMap_Character.TopDownMap_Character:PersistentLevel.GameplayDebuggerPlayerManager_0
 |- Actor Package: /Game/RaidCharacter/TopDownMap_Character
 |- Actor Path: /Game/RaidCharacter/TopDownMap_Character.TopDownMap_Character:PersistentLevel.NavLinkProxy_1
 |- Actor Package: /Game/__ExternalActors__/RaidCharacter/TopDownMap_Character/A/36/IS6U0EP0TUZ9CK2MINN28Y
 |- Actor Path: /Game/RaidCharacter/TopDownMap_Character.TopDownMap_Character:PersistentLevel.NavMeshBoundsVolume_1
 |- Actor Package: /Game/__ExternalActors__/RaidCharacter/TopDownMap_Character/0/MN/63APXIHVKCW3NBUR4RJY9V
 |- Actor Path: /Game/RaidCharacter/TopDownMap_Character.TopDownMap_Character:PersistentLevel.PlayerStart_1
 |- Actor Package: /Game/__ExternalActors__/RaidCharacter/TopDownMap_Character/F/4A/D2JLJMZXQ682EX3HG4AO0X
 |- Actor Path: /Game/RaidCharacter/TopDownMap_Character.TopDownMap_Character:PersistentLevel.PostProcessVolume_1
 |- Actor Package: /Game/__ExternalActors__/RaidCharacter/TopDownMap_Character/8/7T/ZWULHSMD8YNN3DQX6ARBJ5
 |- Actor Path: /Game/RaidCharacter/TopDownMap_Character.TopDownMap_Character:PersistentLevel.RecastNavMesh-Default
 |- Actor Package: /Game/RaidCharacter/TopDownMap_Character
 |- Actor Path: /Game/RaidCharacter/TopDownMap_Character.TopDownMap_Character:PersistentLevel.SkyAtmosphere_1
 |- Actor Package: /Game/__ExternalActors__/RaidCharacter/TopDownMap_Character/A/KQ/2TQ1WKE2OCEGPMTBMFT273
 |- Actor Path: /Game/RaidCharacter/TopDownMap_Character.TopDownMap_Character:PersistentLevel.SkyLight_1
 |- Actor Package: /Game/__ExternalActors__/RaidCharacter/TopDownMap_Character/1/MI/9D1QWWM89Z3KUXY6AEBTFY
 |- Actor Path: /Game/RaidCharacter/TopDownMap_Character.TopDownMap_Character:PersistentLevel.StaticMeshActor_34
 |- Actor Package: /Game/__ExternalActors__/RaidCharacter/TopDownMap_Character/8/VT/27I0RJ2GWN3M6NPH8TRDTW
 |- Actor Path: /Game/RaidCharacter/TopDownMap_Character.TopDownMap_Character:PersistentLevel.StaticMeshActor_35
 |- Actor Package: /Game/__ExternalActors__/RaidCharacter/TopDownMap_Character/D/UM/V5YR5XD9FL7OE9WAWEDJND
 |- Actor Path: /Game/RaidCharacter/TopDownMap_Character.TopDownMap_Character:PersistentLevel.StaticMeshActor_36
 |- Actor Package: /Game/__ExternalActors__/RaidCharacter/TopDownMap_Character/4/GK/AAV440EMXRX2URLC5DC94Q
 |- Actor Path: /Game/RaidCharacter/TopDownMap_Character.TopDownMap_Character:PersistentLevel.StaticMeshActor_37
 |- Actor Package: /Game/__ExternalActors__/RaidCharacter/TopDownMap_Character/B/MW/Y7XZSYKCXLAN5A8HLA2PCE
 |- Actor Path: /Game/RaidCharacter/TopDownMap_Character.TopDownMap_Character:PersistentLevel.StaticMeshActor_38
 |- Actor Package: /Game/__ExternalActors__/RaidCharacter/TopDownMap_Character/C/6R/1NILWGIXABFU2LPJ4W6EL5
 |- Actor Path: /Game/RaidCharacter/TopDownMap_Character.TopDownMap_Character:PersistentLevel.StaticMeshActor_39
 |- Actor Package: /Game/__ExternalActors__/RaidCharacter/TopDownMap_Character/0/IU/0FQ4PN94KVG1QB4N1C0Z7R
 |- Actor Path: /Game/RaidCharacter/TopDownMap_Character.TopDownMap_Character:PersistentLevel.StaticMeshActor_40
 |- Actor Package: /Game/__ExternalActors__/RaidCharacter/TopDownMap_Character/9/RC/80YG8YYVF5PLUR55EJQ11P
 |- Actor Path: /Game/RaidCharacter/TopDownMap_Character.TopDownMap_Character:PersistentLevel.StaticMeshActor_41
 |- Actor Package: /Game/__ExternalActors__/RaidCharacter/TopDownMap_Character/B/FC/0MNQI2VFWHISUCLQUJQ4Y7
 |- Actor Path: /Game/RaidCharacter/TopDownMap_Character.TopDownMap_Character:PersistentLevel.StaticMeshActor_42
 |- Actor Package: /Game/__ExternalActors__/RaidCharacter/TopDownMap_Character/2/1C/3K8JAFQN00DP0NWJZRIQDV
 |- Actor Path: /Game/RaidCharacter/TopDownMap_Character.TopDownMap_Character:PersistentLevel.StaticMeshActor_43
 |- Actor Package: /Game/__ExternalActors__/RaidCharacter/TopDownMap_Character/C/8O/Z2ERGVL4DIDVHWP1Q46EY7
 |- Actor Path: /Game/RaidCharacter/TopDownMap_Character.TopDownMap_Character:PersistentLevel.StaticMeshActor_44
 |- Actor Package: /Game/__ExternalActors__/RaidCharacter/TopDownMap_Character/3/SW/H00MCO1POXH5MFFS8OW8SF
 |- Actor Path: /Game/RaidCharacter/TopDownMap_Character.TopDownMap_Character:PersistentLevel.StaticMeshActor_45
 |- Actor Package: /Game/__ExternalActors__/RaidCharacter/TopDownMap_Character/7/6X/N0ACZH55R9LNKTVGZRWMDA
 |- Actor Path: /Game/RaidCharacter/TopDownMap_Character.TopDownMap_Character:PersistentLevel.StaticMeshActor_46
 |- Actor Package: /Game/__ExternalActors__/RaidCharacter/TopDownMap_Character/C/Y4/6RD4HE0NXRWT613US9Z89Y
 |- Actor Path: /Game/RaidCharacter/TopDownMap_Character.TopDownMap_Character:PersistentLevel.StaticMeshActor_53
 |- Actor Package: /Game/__ExternalActors__/RaidCharacter/TopDownMap_Character/E/6A/S0HB039AGMHZHF235Z9W9Z
 |- Actor Path: /Game/RaidCharacter/TopDownMap_Character.TopDownMap_Character:PersistentLevel.StaticMeshActor_54
 |- Actor Package: /Game/__ExternalActors__/RaidCharacter/TopDownMap_Character/6/SH/DQS4UDGGE0OYCYYP0RPW7E
 |- Actor Path: /Game/RaidCharacter/TopDownMap_Character.TopDownMap_Character:PersistentLevel.StaticMeshActor_55
 |- Actor Package: /Game/__ExternalActors__/RaidCharacter/TopDownMap_Character/4/3Y/PBWOW0F2O3V4U0AEUOAGMM
 |- Actor Path: /Game/RaidCharacter/TopDownMap_Character.TopDownMap_Character:PersistentLevel.StaticMeshActor_56
 |- Actor Package: /Game/__ExternalActors__/RaidCharacter/TopDownMap_Character/A/7Z/58G870BMRYOU392FYSY7HQ
 |- Actor Path: /Game/RaidCharacter/TopDownMap_Character.TopDownMap_Character:PersistentLevel.StaticMeshActor_58
 |- Actor Package: /Game/__ExternalActors__/RaidCharacter/TopDownMap_Character/A/1W/YCL45YZRO41L19UMEWAIEV
 |- Actor Path: /Game/RaidCharacter/TopDownMap_Character.TopDownMap_Character:PersistentLevel.StaticMeshActor_59
 |- Actor Package: /Game/__ExternalActors__/RaidCharacter/TopDownMap_Character/1/JB/G4HX6BPWQHU0O68L01XN5H
 |- Actor Path: /Game/RaidCharacter/TopDownMap_Character.TopDownMap_Character:PersistentLevel.StaticMeshActor_UAID_A4AE111137DC5CFB00_1546167071
 |- Actor Package: /Game/__ExternalActors__/RaidCharacter/TopDownMap_Character/E/KK/QJ6SG0N5K8H1MFHCCO29J3
 |- Actor Path: /Game/RaidCharacter/TopDownMap_Character.TopDownMap_Character:PersistentLevel.Test_Damage_C_UAID_3C7C3F839F1C6BFF01_1560140271
 |- Actor Package: /Game/__ExternalActors__/RaidCharacter/TopDownMap_Character/3/4Q/ZHWQQWEUYE6OOEPI1955IO
 |- Actor Path: /Game/RaidCharacter/TopDownMap_Character.TopDownMap_Character:PersistentLevel.Test_Heal_C_UAID_3C7C3F839F1C6BFF01_1646280272
 |- Actor Package: /Game/__ExternalActors__/RaidCharacter/TopDownMap_Character/1/L2/UD8RGOZO1M7HT0CLNTKBTB
 |- Actor Path: /Game/RaidCharacter/TopDownMap_Character.TopDownMap_Character:PersistentLevel.TextRenderActor_1
 |- Actor Package: /Game/__ExternalActors__/RaidCharacter/TopDownMap_Character/0/B7/KFRG41NB3MFE6RYS5A8UUY
 |- Actor Path: /Game/RaidCharacter/TopDownMap_Character.TopDownMap_Character:PersistentLevel.TextRenderActor_UAID_3C7C3F839F1C6BFF01_1913873273
 |- Actor Package: /Game/__ExternalActors__/RaidCharacter/TopDownMap_Character/A/QQ/ZZWPYDV5YMYB6XQICS6Y2G
 |- Actor Path: /Game/RaidCharacter/TopDownMap_Character.TopDownMap_Character:PersistentLevel.TextRenderActor_UAID_3C7C3F839F1C6BFF01_1974267274
 |- Actor Package: /Game/__ExternalActors__/RaidCharacter/TopDownMap_Character/9/GR/NDBDANU9POR60XKW4YD920
 |- Actor Path: /Game/RaidCharacter/TopDownMap_Character.TopDownMap_Character:PersistentLevel.TextRenderActor_UAID_3C7C3F839F1C6CFF01_1143949451
 |- Actor Package: /Game/__ExternalActors__/RaidCharacter/TopDownMap_Character/B/32/6BHVLF0JMKT08UTXSKBL9L
 |- Actor Path: /Game/RaidCharacter/TopDownMap_Character.TopDownMap_Character:PersistentLevel.TextRenderActor_UAID_3C7C3F839F1C6CFF01_1266384452
 |- Actor Package: /Game/__ExternalActors__/RaidCharacter/TopDownMap_Character/6/33/5JJDPHWGW8A6BNISU7330U
 |- Actor Path: /Game/RaidCharacter/TopDownMap_Character.TopDownMap_Character:PersistentLevel.TopDownMap1_C_1
 |- Actor Package: /Game/RaidCharacter/TopDownMap_Character
 |- Actor Path: /Game/RaidCharacter/TopDownMap_Character.TopDownMap_Character:PersistentLevel.VolumetricCloud_1
 |- Actor Package: /Game/__ExternalActors__/RaidCharacter/TopDownMap_Character/1/P2/MDY3L9GKK0AZIPLTOZX3JH
 |- Actor Path: /Game/RaidCharacter/TopDownMap_Character.TopDownMap_Character:PersistentLevel.WorldDataLayers
 |- Actor Package: /Game/__ExternalActors__/RaidCharacter/TopDownMap_Character/7/MB/CS6CU5GB1VQUZIV7SG5SKE
 |- Actor Path: /Game/RaidCharacter/TopDownMap_Character.TopDownMap_Character:PersistentLevel.WorldInfo_0
 |- Actor Package: /Game/RaidCharacter/TopDownMap_Character
 |- Actor Path: /Game/RaidCharacter/TopDownMap_Character.TopDownMap_Character:PersistentLevel.WorldPartitionMiniMap_0
 |- Actor Package: /Game/__ExternalActors__/RaidCharacter/TopDownMap_Character/E/GJ/KIWP6NB16ZA7SN58GI2PD4

----------------------------------------------------------------------------------------------------------------
TopDownMap_Character - Runtime Spatial Hash - Streaming Grid - MainGrid
----------------------------------------------------------------------------------------------------------------
            Origin: X=0.000 Y=0.000 Z=0.000
         Cell Size: 12800
      World Bounds: IsValid=false, Min=(X=0.000 Y=0.000 Z=0.000), Max=(X=0.000 Y=0.000 Z=0.000)
     Loading Range: 25600.00
Block Slow Loading: No
 ClientOnlyVisible: No
            Origin: X=0.000 Y=0.000 Z=0.000

[+] Grid Levels: 1
 |- Level  0: Cell Count    0 | Cell Size   12800 | Actor Count    0 (0.0%)

[+] Content of Grid Level 0

