[+] Containers:
 |- [+] Container: /Game/F_Maps/Character_TopDownMap
 |   |- [+] ActorDescs:
 |   |   |- Guid:067E760A4FBEA3A6BC9CDCA9DA2C5260 BaseClass: NativeClass:/Script/Engine.StaticMeshActor Name:StaticMeshActor_55 Label:SM_ChamferCube4 SpatiallyLoaded:1 Bounds:IsValid=true, Min=(X=663.409 Y=2784.238 Z=0.063), Max=(X=804.292 Y=2925.121 Z=100.063) RuntimeGrid:None EditorOnly:0 RuntimeOnly:0 HLODRelevant:0 ListedInSceneOutliner:1 IsMainWorldOnly:0
 |   |   |- Guid:0F5C1D1E494EB74F5167ECBE9E326756 BaseClass: NativeClass:/Script/Engine.StaticMeshActor Name:StaticMeshActor_36 Label:SM_Cube3 SpatiallyLoaded:1 Bounds:IsValid=true, Min=(X=0.000 Y=3400.000 Z=0.000), Max=(X=3000.000 Y=3500.000 Z=400.000) RuntimeGrid:None EditorOnly:0 RuntimeOnly:0 HLODRelevant:1 ListedInSceneOutliner:1 IsMainWorldOnly:0 FolderPath:Playground FolderGuid:8746DDAD42A18A3736DBE9BBB77675E5
 |   |   |- Guid:1338E36D402090E2A23A358D35C061C1 BaseClass: NativeClass:/Script/Engine.PlayerStart Name:PlayerStart_1 Label:PlayerStart SpatiallyLoaded:0 Bounds:IsValid=true, Min=(X=960.000 Y=1770.000 Z=0.013), Max=(X=1040.000 Y=1850.000 Z=184.013) RuntimeGrid:None EditorOnly:0 RuntimeOnly:0 HLODRelevant:0 ListedInSceneOutliner:1 IsMainWorldOnly:0
 |   |   |- Guid:2583B6114F4A79D8B5531B8787107EFF BaseClass: NativeClass:/Script/Engine.PostProcessVolume Name:PostProcessVolume_1 Label:PostProcessVolume SpatiallyLoaded:0 Bounds:IsValid=true, Min=(X=0.000 Y=0.000 Z=400.000), Max=(X=200.000 Y=200.000 Z=600.000) RuntimeGrid:None EditorOnly:0 RuntimeOnly:0 HLODRelevant:0 ListedInSceneOutliner:1 IsMainWorldOnly:0 FolderPath:Lighting FolderGuid:E13570EE436BA15E35C622BAA5B21164
 |   |   |- Guid:269DE8694385818C4CE87EBCFF614E32 BaseClass: NativeClass:/Script/Engine.StaticMeshActor Name:StaticMeshActor_59 Label:SM_Cube8 SpatiallyLoaded:1 Bounds:IsValid=true, Min=(X=1900.000 Y=600.000 Z=0.000), Max=(X=2000.000 Y=900.000 Z=200.000) RuntimeGrid:None EditorOnly:0 RuntimeOnly:0 HLODRelevant:1 ListedInSceneOutliner:1 IsMainWorldOnly:0 FolderPath:Block01 FolderGuid:A3D0865D40B5211925A81EB39A13C84D
 |   |   |- Guid:28C74FD647F993730E61C38E07060D2C BaseClass: NativeClass:/Script/Engine.StaticMeshActor Name:StaticMeshActor_57 Label:SM_Cylinder15 SpatiallyLoaded:1 Bounds:IsValid=true, Min=(X=2550.000 Y=2950.000 Z=0.000), Max=(X=2650.000 Y=3050.000 Z=300.000) RuntimeGrid:None EditorOnly:0 RuntimeOnly:0 HLODRelevant:1 ListedInSceneOutliner:1 IsMainWorldOnly:0 FolderPath:Pillars FolderGuid:036B2AA743B234787BD1F3822B72E975
 |   |   |- Guid:354D06714F1AE79D3E47DB87D695A897 BaseClass: NativeClass:/Script/Engine.StaticMeshActor Name:StaticMeshActor_38 Label:SM_Ramp2 SpatiallyLoaded:1 Bounds:IsValid=true, Min=(X=1400.000 Y=600.000 Z=0.000), Max=(X=1600.000 Y=1000.000 Z=100.000) RuntimeGrid:None EditorOnly:0 RuntimeOnly:0 HLODRelevant:1 ListedInSceneOutliner:1 IsMainWorldOnly:0 FolderPath:Block01 FolderGuid:A3D0865D40B5211925A81EB39A13C84D
 |   |   |- Guid:3651671346B05C7551BF9085705A78CF BaseClass: NativeClass:/Script/Engine.StaticMeshActor Name:StaticMeshActor_UAID_A4AE111137DC5CFB00_1546167071 Label:SM_SkySphere SpatiallyLoaded:0 Bounds:IsValid=true, Min=(X=-1638400.000 Y=-1638400.000 Z=-1638400.000), Max=(X=1638400.000 Y=1638400.000 Z=1638400.000) RuntimeGrid:None EditorOnly:0 RuntimeOnly:0 HLODRelevant:1 ListedInSceneOutliner:1 IsMainWorldOnly:0 FolderPath:Lighting FolderGuid:E13570EE436BA15E35C622BAA5B21164
 |   |   |- Guid:36FA664B4586D744C130299F5916C67C BaseClass: NativeClass:/Script/AIModule.NavLinkProxy Name:NavLinkProxy_1 Label:NavLinkProxy3 SpatiallyLoaded:1 Bounds:IsValid=true, Min=(X=2240.000 Y=1030.000 Z=90.000), Max=(X=2240.000 Y=1030.000 Z=90.000) RuntimeGrid:None EditorOnly:0 RuntimeOnly:0 HLODRelevant:0 ListedInSceneOutliner:1 IsMainWorldOnly:0 FolderPath:Navigation FolderGuid:5FBB7B1041A3902AEFBB4E87AA1D500F
 |   |   |- Guid:37AC2EF64B71AD7C06776383FE1333B7 BaseClass: NativeClass:/Script/Engine.StaticMeshActor Name:StaticMeshActor_58 Label:SM_QuarterCylinder7 SpatiallyLoaded:1 Bounds:IsValid=true, Min=(X=1900.000 Y=900.000 Z=0.000), Max=(X=2000.000 Y=1000.000 Z=200.000) RuntimeGrid:None EditorOnly:0 RuntimeOnly:0 HLODRelevant:1 ListedInSceneOutliner:1 IsMainWorldOnly:0 FolderPath:Block01 FolderGuid:A3D0865D40B5211925A81EB39A13C84D
 |   |   |- Guid:39D8AC324A6D3BB0CED927A175096BB9 BaseClass: NativeClass:/Script/Engine.StaticMeshActor Name:StaticMeshActor_54 Label:SM_ChamferCube3 SpatiallyLoaded:1 Bounds:IsValid=true, Min=(X=711.512 Y=2824.945 Z=100.063), Max=(X=848.115 Y=2961.548 Z=200.063) RuntimeGrid:None EditorOnly:0 RuntimeOnly:0 HLODRelevant:0 ListedInSceneOutliner:1 IsMainWorldOnly:0
 |   |   |- Guid:3C64119C4B5FF198072B1A82DA19D102 BaseClass: NativeClass:/Script/Engine.StaticMeshActor Name:StaticMeshActor_43 Label:SM_Ramp3 SpatiallyLoaded:1 Bounds:IsValid=true, Min=(X=1600.000 Y=400.000 Z=100.000), Max=(X=1900.000 Y=600.000 Z=200.000) RuntimeGrid:None EditorOnly:0 RuntimeOnly:0 HLODRelevant:1 ListedInSceneOutliner:1 IsMainWorldOnly:0 FolderPath:Block01 FolderGuid:A3D0865D40B5211925A81EB39A13C84D
 |   |   |- Guid:4F341F6448513B7DFD1BEA8EF9AD21B3 BaseClass: NativeClass:/Script/Engine.StaticMeshActor Name:StaticMeshActor_35 Label:SM_Cube2 SpatiallyLoaded:1 Bounds:IsValid=true, Min=(X=0.000 Y=0.000 Z=0.000), Max=(X=3000.000 Y=100.000 Z=400.000) RuntimeGrid:None EditorOnly:0 RuntimeOnly:0 HLODRelevant:1 ListedInSceneOutliner:1 IsMainWorldOnly:0 FolderPath:Playground FolderGuid:8746DDAD42A18A3736DBE9BBB77675E5
 |   |   |- Guid:4F9EE9D84879A0D8C2FFF99CC6DCFF0F BaseClass: NativeClass:/Script/Engine.StaticMeshActor Name:StaticMeshActor_39 Label:SM_Cube5 SpatiallyLoaded:1 Bounds:IsValid=true, Min=(X=-0.000 Y=100.000 Z=0.000), Max=(X=100.000 Y=3400.000 Z=400.000) RuntimeGrid:None EditorOnly:0 RuntimeOnly:0 HLODRelevant:1 ListedInSceneOutliner:1 IsMainWorldOnly:0 FolderPath:Playground FolderGuid:8746DDAD42A18A3736DBE9BBB77675E5
 |   |   |- Guid:51EA9FF84D0FAC07DC084CA46894137F BaseClass: NativeClass:/Script/Engine.StaticMeshActor Name:StaticMeshActor_47 Label:SM_Cylinder4 SpatiallyLoaded:1 Bounds:IsValid=true, Min=(X=1850.000 Y=2350.000 Z=0.000), Max=(X=1950.000 Y=2450.000 Z=300.000) RuntimeGrid:None EditorOnly:0 RuntimeOnly:0 HLODRelevant:1 ListedInSceneOutliner:1 IsMainWorldOnly:0 FolderPath:Pillars FolderGuid:036B2AA743B234787BD1F3822B72E975
 |   |   |- Guid:569FF0734A3C9FCFBE4725AE4236AB41 BaseClass: NativeClass:/Script/Engine.TextRenderActor Name:TextRenderActor_1 Label:TextRenderActor SpatiallyLoaded:1 Bounds:IsValid=true, Min=(X=-0.100 Y=1100.000 Z=65.013), Max=(X=-0.100 Y=2225.000 Z=215.013) RuntimeGrid:None EditorOnly:0 RuntimeOnly:0 HLODRelevant:0 ListedInSceneOutliner:1 IsMainWorldOnly:0
 |   |   |- Guid:5AEF29714999621C311F79B50C27B320 BaseClass: NativeClass:/Script/Engine.StaticMeshActor Name:StaticMeshActor_50 Label:SM_Cylinder8 SpatiallyLoaded:1 Bounds:IsValid=true, Min=(X=2250.000 Y=1950.000 Z=0.000), Max=(X=2350.000 Y=2050.000 Z=300.000) RuntimeGrid:None EditorOnly:0 RuntimeOnly:0 HLODRelevant:1 ListedInSceneOutliner:1 IsMainWorldOnly:0 FolderPath:Pillars FolderGuid:036B2AA743B234787BD1F3822B72E975
 |   |   |- Guid:6CA131ED46C0A34539C0DA8CD75E1615 BaseClass: NativeClass:/Script/Engine.StaticMeshActor Name:StaticMeshActor_53 Label:SM_ChamferCube SpatiallyLoaded:1 Bounds:IsValid=true, Min=(X=761.762 Y=2853.712 Z=0.063), Max=(X=902.646 Y=2994.595 Z=100.063) RuntimeGrid:None EditorOnly:0 RuntimeOnly:0 HLODRelevant:0 ListedInSceneOutliner:1 IsMainWorldOnly:0
 |   |   |- Guid:70BAF20C410FF925593D069281AAF6C5 BaseClass: NativeClass:/Script/Engine.StaticMeshActor Name:StaticMeshActor_41 Label:SM_Cube7 SpatiallyLoaded:1 Bounds:IsValid=true, Min=(X=2400.000 Y=500.000 Z=0.000), Max=(X=2500.000 Y=900.000 Z=200.000) RuntimeGrid:None EditorOnly:0 RuntimeOnly:0 HLODRelevant:1 ListedInSceneOutliner:1 IsMainWorldOnly:0 FolderPath:Block01 FolderGuid:A3D0865D40B5211925A81EB39A13C84D
 |   |   |- Guid:7E5CFB1D4873BDC9045FDCBC2EB63B7C BaseClass: NativeClass:/Script/Engine.WorldDataLayers Name:WorldDataLayers Label:WorldDataLayers-1 SpatiallyLoaded:0 Bounds:Invalid RuntimeGrid:None EditorOnly:0 RuntimeOnly:0 HLODRelevant:0 ListedInSceneOutliner:1 IsMainWorldOnly:1
 |   |   |- Guid:7FB633DE44FB7E26C27AEFBCAAA8E485 BaseClass: NativeClass:/Script/Engine.StaticMeshActor Name:StaticMeshActor_37 Label:SM_Cube4 SpatiallyLoaded:1 Bounds:IsValid=true, Min=(X=2000.000 Y=600.000 Z=0.000), Max=(X=2400.000 Y=1000.000 Z=200.000) RuntimeGrid:None EditorOnly:0 RuntimeOnly:0 HLODRelevant:1 ListedInSceneOutliner:1 IsMainWorldOnly:0 FolderPath:Block01 FolderGuid:A3D0865D40B5211925A81EB39A13C84D
 |   |   |- Guid:92A589184CA67F94DC9CFD9DDEF88854 BaseClass: NativeClass:/Script/Engine.SkyLight Name:SkyLight_1 Label:SkyLight SpatiallyLoaded:0 Bounds:IsValid=true, Min=(X=0.000 Y=0.000 Z=690.000), Max=(X=0.000 Y=0.000 Z=690.000) RuntimeGrid:None EditorOnly:0 RuntimeOnly:0 HLODRelevant:0 ListedInSceneOutliner:1 IsMainWorldOnly:0 FolderPath:Lighting FolderGuid:E13570EE436BA15E35C622BAA5B21164
 |   |   |- Guid:939D1AEC40A56FE02105FFAA15D9A15B BaseClass: NativeClass:/Script/Engine.StaticMeshActor Name:StaticMeshActor_42 Label:SM_Cube9 SpatiallyLoaded:1 Bounds:IsValid=true, Min=(X=1400.000 Y=400.000 Z=0.000), Max=(X=2400.000 Y=600.000 Z=100.000) RuntimeGrid:None EditorOnly:0 RuntimeOnly:0 HLODRelevant:1 ListedInSceneOutliner:1 IsMainWorldOnly:0 FolderPath:Block01 FolderGuid:A3D0865D40B5211925A81EB39A13C84D
 |   |   |- Guid:9C5E3A964C8A13314BE7B0A44F89CA94 BaseClass: NativeClass:/Script/Engine.SkyAtmosphere Name:SkyAtmosphere_1 Label:SkyAtmosphere SpatiallyLoaded:0 Bounds:IsValid=true, Min=(X=0.000 Y=0.000 Z=1020.000), Max=(X=0.000 Y=0.000 Z=1020.000) RuntimeGrid:None EditorOnly:0 RuntimeOnly:0 HLODRelevant:0 ListedInSceneOutliner:1 IsMainWorldOnly:0 FolderPath:Lighting FolderGuid:E13570EE436BA15E35C622BAA5B21164
 |   |   |- Guid:A49914DA44E7C2667C9FE28546449537 BaseClass: NativeClass:/Script/Engine.StaticMeshActor Name:StaticMeshActor_40 Label:SM_Cube6 SpatiallyLoaded:1 Bounds:IsValid=true, Min=(X=2900.000 Y=100.000 Z=0.000), Max=(X=3000.000 Y=3400.000 Z=400.000) RuntimeGrid:None EditorOnly:0 RuntimeOnly:0 HLODRelevant:1 ListedInSceneOutliner:1 IsMainWorldOnly:0 FolderPath:Playground FolderGuid:8746DDAD42A18A3736DBE9BBB77675E5
 |   |   |- Guid:A5A376A446B11E698C8FB38BD2302CA4 BaseClass: NativeClass:/Script/Engine.StaticMeshActor Name:StaticMeshActor_51 Label:SM_Cylinder9 SpatiallyLoaded:1 Bounds:IsValid=true, Min=(X=2450.000 Y=2350.000 Z=0.000), Max=(X=2550.000 Y=2450.000 Z=300.000) RuntimeGrid:None EditorOnly:0 RuntimeOnly:0 HLODRelevant:1 ListedInSceneOutliner:1 IsMainWorldOnly:0 FolderPath:Pillars FolderGuid:036B2AA743B234787BD1F3822B72E975
 |   |   |- Guid:A67C2E464BE0F0323C536D92806F7919 BaseClass: NativeClass:/Script/Engine.StaticMeshActor Name:StaticMeshActor_44 Label:SM_Cube10 SpatiallyLoaded:1 Bounds:IsValid=true, Min=(X=1900.000 Y=400.000 Z=100.000), Max=(X=2400.000 Y=600.000 Z=200.000) RuntimeGrid:None EditorOnly:0 RuntimeOnly:0 HLODRelevant:1 ListedInSceneOutliner:1 IsMainWorldOnly:0 FolderPath:Block01 FolderGuid:A3D0865D40B5211925A81EB39A13C84D
 |   |   |- Guid:AD517F81457E0418BC11FC9275E5D96D BaseClass: NativeClass:/Script/Engine.StaticMeshActor Name:StaticMeshActor_48 Label:SM_Cylinder5 SpatiallyLoaded:1 Bounds:IsValid=true, Min=(X=1750.000 Y=2750.000 Z=0.000), Max=(X=1850.000 Y=2850.000 Z=300.000) RuntimeGrid:None EditorOnly:0 RuntimeOnly:0 HLODRelevant:1 ListedInSceneOutliner:1 IsMainWorldOnly:0 FolderPath:Pillars FolderGuid:036B2AA743B234787BD1F3822B72E975
 |   |   |- Guid:BA93189241A8C13285B6C0AA2A6775CA BaseClass: NativeClass:/Script/Engine.ExponentialHeightFog Name:ExponentialHeightFog_1 Label:ExponentialHeightFog SpatiallyLoaded:0 Bounds:IsValid=true, Min=(X=-5600.000 Y=-50.000 Z=-6850.000), Max=(X=-5600.000 Y=-50.000 Z=-6850.000) RuntimeGrid:None EditorOnly:0 RuntimeOnly:0 HLODRelevant:0 ListedInSceneOutliner:1 IsMainWorldOnly:0 FolderPath:Lighting FolderGuid:E13570EE436BA15E35C622BAA5B21164
 |   |   |- Guid:BB69596541B40C1D28B478ADB028D941 BaseClass: NativeClass:/Script/Engine.StaticMeshActor Name:StaticMeshActor_45 Label:SM_QuarterCylinder3 SpatiallyLoaded:1 Bounds:IsValid=true, Min=(X=2400.000 Y=400.000 Z=0.000), Max=(X=2500.000 Y=500.000 Z=200.000) RuntimeGrid:None EditorOnly:0 RuntimeOnly:0 HLODRelevant:1 ListedInSceneOutliner:1 IsMainWorldOnly:0 FolderPath:Block01 FolderGuid:A3D0865D40B5211925A81EB39A13C84D
 |   |   |- Guid:C19DB6CA4A3C2F72DE2934B72D956305 BaseClass: NativeClass:/Script/Engine.StaticMeshActor Name:StaticMeshActor_60 Label:SM_Cylinder6 SpatiallyLoaded:1 Bounds:IsValid=true, Min=(X=1350.000 Y=2450.000 Z=0.000), Max=(X=1450.000 Y=2550.000 Z=300.000) RuntimeGrid:None EditorOnly:0 RuntimeOnly:0 HLODRelevant:1 ListedInSceneOutliner:1 IsMainWorldOnly:0 FolderPath:Pillars FolderGuid:036B2AA743B234787BD1F3822B72E975
 |   |   |- Guid:C1E7107C4172771B73CD9997D046A16F BaseClass: NativeClass:/Script/Engine.VolumetricCloud Name:VolumetricCloud_1 Label:VolumetricCloud SpatiallyLoaded:0 Bounds:IsValid=true, Min=(X=0.000 Y=0.000 Z=820.000), Max=(X=0.000 Y=0.000 Z=820.000) RuntimeGrid:None EditorOnly:0 RuntimeOnly:0 HLODRelevant:0 ListedInSceneOutliner:1 IsMainWorldOnly:0 FolderPath:Lighting FolderGuid:E13570EE436BA15E35C622BAA5B21164
 |   |   |- Guid:DD1750DE4CC8213BFDAEC184DE7A582D BaseClass: NativeClass:/Script/Engine.StaticMeshActor Name:StaticMeshActor_46 Label:SM_QuarterCylinder6 SpatiallyLoaded:1 Bounds:IsValid=true, Min=(X=2400.000 Y=900.000 Z=0.000), Max=(X=2500.000 Y=1000.000 Z=200.000) RuntimeGrid:None EditorOnly:0 RuntimeOnly:0 HLODRelevant:1 ListedInSceneOutliner:1 IsMainWorldOnly:0 FolderPath:Block01 FolderGuid:A3D0865D40B5211925A81EB39A13C84D
 |   |   |- Guid:DD1B73AC45D23F20C64FC5AB9DD1D93D BaseClass: NativeClass:/Script/NavigationSystem.NavMeshBoundsVolume Name:NavMeshBoundsVolume_1 Label:NavMeshBoundsVolume SpatiallyLoaded:0 Bounds:IsValid=true, Min=(X=-100.000 Y=-100.000 Z=-110.000), Max=(X=3100.000 Y=3600.000 Z=390.000) RuntimeGrid:None EditorOnly:0 RuntimeOnly:0 HLODRelevant:0 ListedInSceneOutliner:1 IsMainWorldOnly:0 FolderPath:Navigation FolderGuid:5FBB7B1041A3902AEFBB4E87AA1D500F
 |   |   |- Guid:E2C4655845F148AD99168897BA1CC0B1 BaseClass: NativeClass:/Script/Engine.StaticMeshActor Name:StaticMeshActor_49 Label:SM_Cylinder7 SpatiallyLoaded:1 Bounds:IsValid=true, Min=(X=1650.000 Y=1950.000 Z=0.000), Max=(X=1750.000 Y=2050.000 Z=300.000) RuntimeGrid:None EditorOnly:0 RuntimeOnly:0 HLODRelevant:1 ListedInSceneOutliner:1 IsMainWorldOnly:0 FolderPath:Pillars FolderGuid:036B2AA743B234787BD1F3822B72E975
 |   |   |- Guid:E38B84384FB9CC6F874A388D87F619D5 BaseClass: NativeClass:/Script/Engine.StaticMeshActor Name:StaticMeshActor_52 Label:SM_Cylinder10 SpatiallyLoaded:1 Bounds:IsValid=true, Min=(X=2250.000 Y=2650.000 Z=0.000), Max=(X=2350.000 Y=2750.000 Z=300.000) RuntimeGrid:None EditorOnly:0 RuntimeOnly:0 HLODRelevant:1 ListedInSceneOutliner:1 IsMainWorldOnly:0 FolderPath:Pillars FolderGuid:036B2AA743B234787BD1F3822B72E975
 |   |   |- Guid:E54D622848482D63420FE99EFFA81405 BaseClass: NativeClass:/Script/Engine.StaticMeshActor Name:StaticMeshActor_56 Label:SM_ChamferCube5 SpatiallyLoaded:1 Bounds:IsValid=true, Min=(X=2419.765 Y=1390.593 Z=0.063), Max=(X=2547.936 Y=1518.765 Z=100.063) RuntimeGrid:None EditorOnly:0 RuntimeOnly:0 HLODRelevant:0 ListedInSceneOutliner:1 IsMainWorldOnly:0
 |   |   |- Guid:F52AE25C41FB6BEFC15FE2B7ACE79674 BaseClass: NativeClass:/Script/Engine.StaticMeshActor Name:StaticMeshActor_34 Label:SM_Cube SpatiallyLoaded:1 Bounds:IsValid=true, Min=(X=0.000 Y=0.000 Z=-50.000), Max=(X=3000.000 Y=3500.000 Z=0.000) RuntimeGrid:None EditorOnly:0 RuntimeOnly:0 HLODRelevant:1 ListedInSceneOutliner:1 IsMainWorldOnly:0 FolderPath:Playground FolderGuid:8746DDAD42A18A3736DBE9BBB77675E5
 |   |   |- Guid:F9ADD9D24024D96530E0CE815C4AFAAD BaseClass: NativeClass:/Script/Engine.DirectionalLight Name:DirectionalLight_1 Label:DirectionalLight SpatiallyLoaded:0 Bounds:IsValid=true, Min=(X=-4398046511104.000 Y=-4398046511104.000 Z=-4398046511104.000), Max=(X=4398046511104.000 Y=4398046511104.000 Z=4398046511104.000) RuntimeGrid:None EditorOnly:0 RuntimeOnly:0 HLODRelevant:0 ListedInSceneOutliner:1 IsMainWorldOnly:0 FolderPath:Lighting FolderGuid:E13570EE436BA15E35C622BAA5B21164
 |   |   |- Guid:FF3801C04D40CEC83830179F518E4FD9 BaseClass: NativeClass:/Script/Engine.StaticMeshActor Name:StaticMeshActor_61 Label:SM_Cylinder11 SpatiallyLoaded:1 Bounds:IsValid=true, Min=(X=1350.000 Y=2950.000 Z=0.000), Max=(X=1450.000 Y=3050.000 Z=300.000) RuntimeGrid:None EditorOnly:0 RuntimeOnly:0 HLODRelevant:1 ListedInSceneOutliner:1 IsMainWorldOnly:0 FolderPath:Pillars FolderGuid:036B2AA743B234787BD1F3822B72E975
 |   |- [+] Clusters:
 |   |   |- [+] [  0]
 |   |   |   |- Guid:067E760A4FBEA3A6BC9CDCA9DA2C5260 BaseClass: NativeClass:/Script/Engine.StaticMeshActor Name:StaticMeshActor_55 Label:SM_ChamferCube4 SpatiallyLoaded:1 Bounds:IsValid=true, Min=(X=663.409 Y=2784.238 Z=0.063), Max=(X=804.292 Y=2925.121 Z=100.063) RuntimeGrid:None EditorOnly:0 RuntimeOnly:0 HLODRelevant:0 ListedInSceneOutliner:1 IsMainWorldOnly:0
 |   |   |- [+] [  1]
 |   |   |   |- Guid:0F5C1D1E494EB74F5167ECBE9E326756 BaseClass: NativeClass:/Script/Engine.StaticMeshActor Name:StaticMeshActor_36 Label:SM_Cube3 SpatiallyLoaded:1 Bounds:IsValid=true, Min=(X=0.000 Y=3400.000 Z=0.000), Max=(X=3000.000 Y=3500.000 Z=400.000) RuntimeGrid:None EditorOnly:0 RuntimeOnly:0 HLODRelevant:1 ListedInSceneOutliner:1 IsMainWorldOnly:0 FolderPath:Playground FolderGuid:8746DDAD42A18A3736DBE9BBB77675E5
 |   |   |- [+] [  2]
 |   |   |   |- Guid:1338E36D402090E2A23A358D35C061C1 BaseClass: NativeClass:/Script/Engine.PlayerStart Name:PlayerStart_1 Label:PlayerStart SpatiallyLoaded:0 Bounds:IsValid=true, Min=(X=960.000 Y=1770.000 Z=0.013), Max=(X=1040.000 Y=1850.000 Z=184.013) RuntimeGrid:None EditorOnly:0 RuntimeOnly:0 HLODRelevant:0 ListedInSceneOutliner:1 IsMainWorldOnly:0
 |   |   |- [+] [  3]
 |   |   |   |- Guid:2583B6114F4A79D8B5531B8787107EFF BaseClass: NativeClass:/Script/Engine.PostProcessVolume Name:PostProcessVolume_1 Label:PostProcessVolume SpatiallyLoaded:0 Bounds:IsValid=true, Min=(X=0.000 Y=0.000 Z=400.000), Max=(X=200.000 Y=200.000 Z=600.000) RuntimeGrid:None EditorOnly:0 RuntimeOnly:0 HLODRelevant:0 ListedInSceneOutliner:1 IsMainWorldOnly:0 FolderPath:Lighting FolderGuid:E13570EE436BA15E35C622BAA5B21164
 |   |   |- [+] [  4]
 |   |   |   |- Guid:269DE8694385818C4CE87EBCFF614E32 BaseClass: NativeClass:/Script/Engine.StaticMeshActor Name:StaticMeshActor_59 Label:SM_Cube8 SpatiallyLoaded:1 Bounds:IsValid=true, Min=(X=1900.000 Y=600.000 Z=0.000), Max=(X=2000.000 Y=900.000 Z=200.000) RuntimeGrid:None EditorOnly:0 RuntimeOnly:0 HLODRelevant:1 ListedInSceneOutliner:1 IsMainWorldOnly:0 FolderPath:Block01 FolderGuid:A3D0865D40B5211925A81EB39A13C84D
 |   |   |- [+] [  5]
 |   |   |   |- Guid:28C74FD647F993730E61C38E07060D2C BaseClass: NativeClass:/Script/Engine.StaticMeshActor Name:StaticMeshActor_57 Label:SM_Cylinder15 SpatiallyLoaded:1 Bounds:IsValid=true, Min=(X=2550.000 Y=2950.000 Z=0.000), Max=(X=2650.000 Y=3050.000 Z=300.000) RuntimeGrid:None EditorOnly:0 RuntimeOnly:0 HLODRelevant:1 ListedInSceneOutliner:1 IsMainWorldOnly:0 FolderPath:Pillars FolderGuid:036B2AA743B234787BD1F3822B72E975
 |   |   |- [+] [  6]
 |   |   |   |- Guid:354D06714F1AE79D3E47DB87D695A897 BaseClass: NativeClass:/Script/Engine.StaticMeshActor Name:StaticMeshActor_38 Label:SM_Ramp2 SpatiallyLoaded:1 Bounds:IsValid=true, Min=(X=1400.000 Y=600.000 Z=0.000), Max=(X=1600.000 Y=1000.000 Z=100.000) RuntimeGrid:None EditorOnly:0 RuntimeOnly:0 HLODRelevant:1 ListedInSceneOutliner:1 IsMainWorldOnly:0 FolderPath:Block01 FolderGuid:A3D0865D40B5211925A81EB39A13C84D
 |   |   |- [+] [  7]
 |   |   |   |- Guid:3651671346B05C7551BF9085705A78CF BaseClass: NativeClass:/Script/Engine.StaticMeshActor Name:StaticMeshActor_UAID_A4AE111137DC5CFB00_1546167071 Label:SM_SkySphere SpatiallyLoaded:0 Bounds:IsValid=true, Min=(X=-1638400.000 Y=-1638400.000 Z=-1638400.000), Max=(X=1638400.000 Y=1638400.000 Z=1638400.000) RuntimeGrid:None EditorOnly:0 RuntimeOnly:0 HLODRelevant:1 ListedInSceneOutliner:1 IsMainWorldOnly:0 FolderPath:Lighting FolderGuid:E13570EE436BA15E35C622BAA5B21164
 |   |   |- [+] [  8]
 |   |   |   |- Guid:36FA664B4586D744C130299F5916C67C BaseClass: NativeClass:/Script/AIModule.NavLinkProxy Name:NavLinkProxy_1 Label:NavLinkProxy3 SpatiallyLoaded:1 Bounds:IsValid=true, Min=(X=2240.000 Y=1030.000 Z=90.000), Max=(X=2240.000 Y=1030.000 Z=90.000) RuntimeGrid:None EditorOnly:0 RuntimeOnly:0 HLODRelevant:0 ListedInSceneOutliner:1 IsMainWorldOnly:0 FolderPath:Navigation FolderGuid:5FBB7B1041A3902AEFBB4E87AA1D500F
 |   |   |- [+] [  9]
 |   |   |   |- Guid:37AC2EF64B71AD7C06776383FE1333B7 BaseClass: NativeClass:/Script/Engine.StaticMeshActor Name:StaticMeshActor_58 Label:SM_QuarterCylinder7 SpatiallyLoaded:1 Bounds:IsValid=true, Min=(X=1900.000 Y=900.000 Z=0.000), Max=(X=2000.000 Y=1000.000 Z=200.000) RuntimeGrid:None EditorOnly:0 RuntimeOnly:0 HLODRelevant:1 ListedInSceneOutliner:1 IsMainWorldOnly:0 FolderPath:Block01 FolderGuid:A3D0865D40B5211925A81EB39A13C84D
 |   |   |- [+] [ 10]
 |   |   |   |- Guid:39D8AC324A6D3BB0CED927A175096BB9 BaseClass: NativeClass:/Script/Engine.StaticMeshActor Name:StaticMeshActor_54 Label:SM_ChamferCube3 SpatiallyLoaded:1 Bounds:IsValid=true, Min=(X=711.512 Y=2824.945 Z=100.063), Max=(X=848.115 Y=2961.548 Z=200.063) RuntimeGrid:None EditorOnly:0 RuntimeOnly:0 HLODRelevant:0 ListedInSceneOutliner:1 IsMainWorldOnly:0
 |   |   |- [+] [ 11]
 |   |   |   |- Guid:3C64119C4B5FF198072B1A82DA19D102 BaseClass: NativeClass:/Script/Engine.StaticMeshActor Name:StaticMeshActor_43 Label:SM_Ramp3 SpatiallyLoaded:1 Bounds:IsValid=true, Min=(X=1600.000 Y=400.000 Z=100.000), Max=(X=1900.000 Y=600.000 Z=200.000) RuntimeGrid:None EditorOnly:0 RuntimeOnly:0 HLODRelevant:1 ListedInSceneOutliner:1 IsMainWorldOnly:0 FolderPath:Block01 FolderGuid:A3D0865D40B5211925A81EB39A13C84D
 |   |   |- [+] [ 12]
 |   |   |   |- Guid:4F341F6448513B7DFD1BEA8EF9AD21B3 BaseClass: NativeClass:/Script/Engine.StaticMeshActor Name:StaticMeshActor_35 Label:SM_Cube2 SpatiallyLoaded:1 Bounds:IsValid=true, Min=(X=0.000 Y=0.000 Z=0.000), Max=(X=3000.000 Y=100.000 Z=400.000) RuntimeGrid:None EditorOnly:0 RuntimeOnly:0 HLODRelevant:1 ListedInSceneOutliner:1 IsMainWorldOnly:0 FolderPath:Playground FolderGuid:8746DDAD42A18A3736DBE9BBB77675E5
 |   |   |- [+] [ 13]
 |   |   |   |- Guid:4F9EE9D84879A0D8C2FFF99CC6DCFF0F BaseClass: NativeClass:/Script/Engine.StaticMeshActor Name:StaticMeshActor_39 Label:SM_Cube5 SpatiallyLoaded:1 Bounds:IsValid=true, Min=(X=-0.000 Y=100.000 Z=0.000), Max=(X=100.000 Y=3400.000 Z=400.000) RuntimeGrid:None EditorOnly:0 RuntimeOnly:0 HLODRelevant:1 ListedInSceneOutliner:1 IsMainWorldOnly:0 FolderPath:Playground FolderGuid:8746DDAD42A18A3736DBE9BBB77675E5
 |   |   |- [+] [ 14]
 |   |   |   |- Guid:51EA9FF84D0FAC07DC084CA46894137F BaseClass: NativeClass:/Script/Engine.StaticMeshActor Name:StaticMeshActor_47 Label:SM_Cylinder4 SpatiallyLoaded:1 Bounds:IsValid=true, Min=(X=1850.000 Y=2350.000 Z=0.000), Max=(X=1950.000 Y=2450.000 Z=300.000) RuntimeGrid:None EditorOnly:0 RuntimeOnly:0 HLODRelevant:1 ListedInSceneOutliner:1 IsMainWorldOnly:0 FolderPath:Pillars FolderGuid:036B2AA743B234787BD1F3822B72E975
 |   |   |- [+] [ 15]
 |   |   |   |- Guid:569FF0734A3C9FCFBE4725AE4236AB41 BaseClass: NativeClass:/Script/Engine.TextRenderActor Name:TextRenderActor_1 Label:TextRenderActor SpatiallyLoaded:1 Bounds:IsValid=true, Min=(X=-0.100 Y=1100.000 Z=65.013), Max=(X=-0.100 Y=2225.000 Z=215.013) RuntimeGrid:None EditorOnly:0 RuntimeOnly:0 HLODRelevant:0 ListedInSceneOutliner:1 IsMainWorldOnly:0
 |   |   |- [+] [ 16]
 |   |   |   |- Guid:5AEF29714999621C311F79B50C27B320 BaseClass: NativeClass:/Script/Engine.StaticMeshActor Name:StaticMeshActor_50 Label:SM_Cylinder8 SpatiallyLoaded:1 Bounds:IsValid=true, Min=(X=2250.000 Y=1950.000 Z=0.000), Max=(X=2350.000 Y=2050.000 Z=300.000) RuntimeGrid:None EditorOnly:0 RuntimeOnly:0 HLODRelevant:1 ListedInSceneOutliner:1 IsMainWorldOnly:0 FolderPath:Pillars FolderGuid:036B2AA743B234787BD1F3822B72E975
 |   |   |- [+] [ 17]
 |   |   |   |- Guid:6CA131ED46C0A34539C0DA8CD75E1615 BaseClass: NativeClass:/Script/Engine.StaticMeshActor Name:StaticMeshActor_53 Label:SM_ChamferCube SpatiallyLoaded:1 Bounds:IsValid=true, Min=(X=761.762 Y=2853.712 Z=0.063), Max=(X=902.646 Y=2994.595 Z=100.063) RuntimeGrid:None EditorOnly:0 RuntimeOnly:0 HLODRelevant:0 ListedInSceneOutliner:1 IsMainWorldOnly:0
 |   |   |- [+] [ 18]
 |   |   |   |- Guid:70BAF20C410FF925593D069281AAF6C5 BaseClass: NativeClass:/Script/Engine.StaticMeshActor Name:StaticMeshActor_41 Label:SM_Cube7 SpatiallyLoaded:1 Bounds:IsValid=true, Min=(X=2400.000 Y=500.000 Z=0.000), Max=(X=2500.000 Y=900.000 Z=200.000) RuntimeGrid:None EditorOnly:0 RuntimeOnly:0 HLODRelevant:1 ListedInSceneOutliner:1 IsMainWorldOnly:0 FolderPath:Block01 FolderGuid:A3D0865D40B5211925A81EB39A13C84D
 |   |   |- [+] [ 19]
 |   |   |   |- Guid:7E5CFB1D4873BDC9045FDCBC2EB63B7C BaseClass: NativeClass:/Script/Engine.WorldDataLayers Name:WorldDataLayers Label:WorldDataLayers-1 SpatiallyLoaded:0 Bounds:Invalid RuntimeGrid:None EditorOnly:0 RuntimeOnly:0 HLODRelevant:0 ListedInSceneOutliner:1 IsMainWorldOnly:1
 |   |   |- [+] [ 20]
 |   |   |   |- Guid:7FB633DE44FB7E26C27AEFBCAAA8E485 BaseClass: NativeClass:/Script/Engine.StaticMeshActor Name:StaticMeshActor_37 Label:SM_Cube4 SpatiallyLoaded:1 Bounds:IsValid=true, Min=(X=2000.000 Y=600.000 Z=0.000), Max=(X=2400.000 Y=1000.000 Z=200.000) RuntimeGrid:None EditorOnly:0 RuntimeOnly:0 HLODRelevant:1 ListedInSceneOutliner:1 IsMainWorldOnly:0 FolderPath:Block01 FolderGuid:A3D0865D40B5211925A81EB39A13C84D
 |   |   |- [+] [ 21]
 |   |   |   |- Guid:92A589184CA67F94DC9CFD9DDEF88854 BaseClass: NativeClass:/Script/Engine.SkyLight Name:SkyLight_1 Label:SkyLight SpatiallyLoaded:0 Bounds:IsValid=true, Min=(X=0.000 Y=0.000 Z=690.000), Max=(X=0.000 Y=0.000 Z=690.000) RuntimeGrid:None EditorOnly:0 RuntimeOnly:0 HLODRelevant:0 ListedInSceneOutliner:1 IsMainWorldOnly:0 FolderPath:Lighting FolderGuid:E13570EE436BA15E35C622BAA5B21164
 |   |   |- [+] [ 22]
 |   |   |   |- Guid:939D1AEC40A56FE02105FFAA15D9A15B BaseClass: NativeClass:/Script/Engine.StaticMeshActor Name:StaticMeshActor_42 Label:SM_Cube9 SpatiallyLoaded:1 Bounds:IsValid=true, Min=(X=1400.000 Y=400.000 Z=0.000), Max=(X=2400.000 Y=600.000 Z=100.000) RuntimeGrid:None EditorOnly:0 RuntimeOnly:0 HLODRelevant:1 ListedInSceneOutliner:1 IsMainWorldOnly:0 FolderPath:Block01 FolderGuid:A3D0865D40B5211925A81EB39A13C84D
 |   |   |- [+] [ 23]
 |   |   |   |- Guid:9C5E3A964C8A13314BE7B0A44F89CA94 BaseClass: NativeClass:/Script/Engine.SkyAtmosphere Name:SkyAtmosphere_1 Label:SkyAtmosphere SpatiallyLoaded:0 Bounds:IsValid=true, Min=(X=0.000 Y=0.000 Z=1020.000), Max=(X=0.000 Y=0.000 Z=1020.000) RuntimeGrid:None EditorOnly:0 RuntimeOnly:0 HLODRelevant:0 ListedInSceneOutliner:1 IsMainWorldOnly:0 FolderPath:Lighting FolderGuid:E13570EE436BA15E35C622BAA5B21164
 |   |   |- [+] [ 24]
 |   |   |   |- Guid:A49914DA44E7C2667C9FE28546449537 BaseClass: NativeClass:/Script/Engine.StaticMeshActor Name:StaticMeshActor_40 Label:SM_Cube6 SpatiallyLoaded:1 Bounds:IsValid=true, Min=(X=2900.000 Y=100.000 Z=0.000), Max=(X=3000.000 Y=3400.000 Z=400.000) RuntimeGrid:None EditorOnly:0 RuntimeOnly:0 HLODRelevant:1 ListedInSceneOutliner:1 IsMainWorldOnly:0 FolderPath:Playground FolderGuid:8746DDAD42A18A3736DBE9BBB77675E5
 |   |   |- [+] [ 25]
 |   |   |   |- Guid:A5A376A446B11E698C8FB38BD2302CA4 BaseClass: NativeClass:/Script/Engine.StaticMeshActor Name:StaticMeshActor_51 Label:SM_Cylinder9 SpatiallyLoaded:1 Bounds:IsValid=true, Min=(X=2450.000 Y=2350.000 Z=0.000), Max=(X=2550.000 Y=2450.000 Z=300.000) RuntimeGrid:None EditorOnly:0 RuntimeOnly:0 HLODRelevant:1 ListedInSceneOutliner:1 IsMainWorldOnly:0 FolderPath:Pillars FolderGuid:036B2AA743B234787BD1F3822B72E975
 |   |   |- [+] [ 26]
 |   |   |   |- Guid:A67C2E464BE0F0323C536D92806F7919 BaseClass: NativeClass:/Script/Engine.StaticMeshActor Name:StaticMeshActor_44 Label:SM_Cube10 SpatiallyLoaded:1 Bounds:IsValid=true, Min=(X=1900.000 Y=400.000 Z=100.000), Max=(X=2400.000 Y=600.000 Z=200.000) RuntimeGrid:None EditorOnly:0 RuntimeOnly:0 HLODRelevant:1 ListedInSceneOutliner:1 IsMainWorldOnly:0 FolderPath:Block01 FolderGuid:A3D0865D40B5211925A81EB39A13C84D
 |   |   |- [+] [ 27]
 |   |   |   |- Guid:AD517F81457E0418BC11FC9275E5D96D BaseClass: NativeClass:/Script/Engine.StaticMeshActor Name:StaticMeshActor_48 Label:SM_Cylinder5 SpatiallyLoaded:1 Bounds:IsValid=true, Min=(X=1750.000 Y=2750.000 Z=0.000), Max=(X=1850.000 Y=2850.000 Z=300.000) RuntimeGrid:None EditorOnly:0 RuntimeOnly:0 HLODRelevant:1 ListedInSceneOutliner:1 IsMainWorldOnly:0 FolderPath:Pillars FolderGuid:036B2AA743B234787BD1F3822B72E975
 |   |   |- [+] [ 28]
 |   |   |   |- Guid:BA93189241A8C13285B6C0AA2A6775CA BaseClass: NativeClass:/Script/Engine.ExponentialHeightFog Name:ExponentialHeightFog_1 Label:ExponentialHeightFog SpatiallyLoaded:0 Bounds:IsValid=true, Min=(X=-5600.000 Y=-50.000 Z=-6850.000), Max=(X=-5600.000 Y=-50.000 Z=-6850.000) RuntimeGrid:None EditorOnly:0 RuntimeOnly:0 HLODRelevant:0 ListedInSceneOutliner:1 IsMainWorldOnly:0 FolderPath:Lighting FolderGuid:E13570EE436BA15E35C622BAA5B21164
 |   |   |- [+] [ 29]
 |   |   |   |- Guid:BB69596541B40C1D28B478ADB028D941 BaseClass: NativeClass:/Script/Engine.StaticMeshActor Name:StaticMeshActor_45 Label:SM_QuarterCylinder3 SpatiallyLoaded:1 Bounds:IsValid=true, Min=(X=2400.000 Y=400.000 Z=0.000), Max=(X=2500.000 Y=500.000 Z=200.000) RuntimeGrid:None EditorOnly:0 RuntimeOnly:0 HLODRelevant:1 ListedInSceneOutliner:1 IsMainWorldOnly:0 FolderPath:Block01 FolderGuid:A3D0865D40B5211925A81EB39A13C84D
 |   |   |- [+] [ 30]
 |   |   |   |- Guid:C19DB6CA4A3C2F72DE2934B72D956305 BaseClass: NativeClass:/Script/Engine.StaticMeshActor Name:StaticMeshActor_60 Label:SM_Cylinder6 SpatiallyLoaded:1 Bounds:IsValid=true, Min=(X=1350.000 Y=2450.000 Z=0.000), Max=(X=1450.000 Y=2550.000 Z=300.000) RuntimeGrid:None EditorOnly:0 RuntimeOnly:0 HLODRelevant:1 ListedInSceneOutliner:1 IsMainWorldOnly:0 FolderPath:Pillars FolderGuid:036B2AA743B234787BD1F3822B72E975
 |   |   |- [+] [ 31]
 |   |   |   |- Guid:C1E7107C4172771B73CD9997D046A16F BaseClass: NativeClass:/Script/Engine.VolumetricCloud Name:VolumetricCloud_1 Label:VolumetricCloud SpatiallyLoaded:0 Bounds:IsValid=true, Min=(X=0.000 Y=0.000 Z=820.000), Max=(X=0.000 Y=0.000 Z=820.000) RuntimeGrid:None EditorOnly:0 RuntimeOnly:0 HLODRelevant:0 ListedInSceneOutliner:1 IsMainWorldOnly:0 FolderPath:Lighting FolderGuid:E13570EE436BA15E35C622BAA5B21164
 |   |   |- [+] [ 32]
 |   |   |   |- Guid:DD1750DE4CC8213BFDAEC184DE7A582D BaseClass: NativeClass:/Script/Engine.StaticMeshActor Name:StaticMeshActor_46 Label:SM_QuarterCylinder6 SpatiallyLoaded:1 Bounds:IsValid=true, Min=(X=2400.000 Y=900.000 Z=0.000), Max=(X=2500.000 Y=1000.000 Z=200.000) RuntimeGrid:None EditorOnly:0 RuntimeOnly:0 HLODRelevant:1 ListedInSceneOutliner:1 IsMainWorldOnly:0 FolderPath:Block01 FolderGuid:A3D0865D40B5211925A81EB39A13C84D
 |   |   |- [+] [ 33]
 |   |   |   |- Guid:DD1B73AC45D23F20C64FC5AB9DD1D93D BaseClass: NativeClass:/Script/NavigationSystem.NavMeshBoundsVolume Name:NavMeshBoundsVolume_1 Label:NavMeshBoundsVolume SpatiallyLoaded:0 Bounds:IsValid=true, Min=(X=-100.000 Y=-100.000 Z=-110.000), Max=(X=3100.000 Y=3600.000 Z=390.000) RuntimeGrid:None EditorOnly:0 RuntimeOnly:0 HLODRelevant:0 ListedInSceneOutliner:1 IsMainWorldOnly:0 FolderPath:Navigation FolderGuid:5FBB7B1041A3902AEFBB4E87AA1D500F
 |   |   |- [+] [ 34]
 |   |   |   |- Guid:E2C4655845F148AD99168897BA1CC0B1 BaseClass: NativeClass:/Script/Engine.StaticMeshActor Name:StaticMeshActor_49 Label:SM_Cylinder7 SpatiallyLoaded:1 Bounds:IsValid=true, Min=(X=1650.000 Y=1950.000 Z=0.000), Max=(X=1750.000 Y=2050.000 Z=300.000) RuntimeGrid:None EditorOnly:0 RuntimeOnly:0 HLODRelevant:1 ListedInSceneOutliner:1 IsMainWorldOnly:0 FolderPath:Pillars FolderGuid:036B2AA743B234787BD1F3822B72E975
 |   |   |- [+] [ 35]
 |   |   |   |- Guid:E38B84384FB9CC6F874A388D87F619D5 BaseClass: NativeClass:/Script/Engine.StaticMeshActor Name:StaticMeshActor_52 Label:SM_Cylinder10 SpatiallyLoaded:1 Bounds:IsValid=true, Min=(X=2250.000 Y=2650.000 Z=0.000), Max=(X=2350.000 Y=2750.000 Z=300.000) RuntimeGrid:None EditorOnly:0 RuntimeOnly:0 HLODRelevant:1 ListedInSceneOutliner:1 IsMainWorldOnly:0 FolderPath:Pillars FolderGuid:036B2AA743B234787BD1F3822B72E975
 |   |   |- [+] [ 36]
 |   |   |   |- Guid:E54D622848482D63420FE99EFFA81405 BaseClass: NativeClass:/Script/Engine.StaticMeshActor Name:StaticMeshActor_56 Label:SM_ChamferCube5 SpatiallyLoaded:1 Bounds:IsValid=true, Min=(X=2419.765 Y=1390.593 Z=0.063), Max=(X=2547.936 Y=1518.765 Z=100.063) RuntimeGrid:None EditorOnly:0 RuntimeOnly:0 HLODRelevant:0 ListedInSceneOutliner:1 IsMainWorldOnly:0
 |   |   |- [+] [ 37]
 |   |   |   |- Guid:F52AE25C41FB6BEFC15FE2B7ACE79674 BaseClass: NativeClass:/Script/Engine.StaticMeshActor Name:StaticMeshActor_34 Label:SM_Cube SpatiallyLoaded:1 Bounds:IsValid=true, Min=(X=0.000 Y=0.000 Z=-50.000), Max=(X=3000.000 Y=3500.000 Z=0.000) RuntimeGrid:None EditorOnly:0 RuntimeOnly:0 HLODRelevant:1 ListedInSceneOutliner:1 IsMainWorldOnly:0 FolderPath:Playground FolderGuid:8746DDAD42A18A3736DBE9BBB77675E5
 |   |   |- [+] [ 38]
 |   |   |   |- Guid:F9ADD9D24024D96530E0CE815C4AFAAD BaseClass: NativeClass:/Script/Engine.DirectionalLight Name:DirectionalLight_1 Label:DirectionalLight SpatiallyLoaded:0 Bounds:IsValid=true, Min=(X=-4398046511104.000 Y=-4398046511104.000 Z=-4398046511104.000), Max=(X=4398046511104.000 Y=4398046511104.000 Z=4398046511104.000) RuntimeGrid:None EditorOnly:0 RuntimeOnly:0 HLODRelevant:0 ListedInSceneOutliner:1 IsMainWorldOnly:0 FolderPath:Lighting FolderGuid:E13570EE436BA15E35C622BAA5B21164
 |   |   |- [+] [ 39]
 |   |   |   |- Guid:FF3801C04D40CEC83830179F518E4FD9 BaseClass: NativeClass:/Script/Engine.StaticMeshActor Name:StaticMeshActor_61 Label:SM_Cylinder11 SpatiallyLoaded:1 Bounds:IsValid=true, Min=(X=1350.000 Y=2950.000 Z=0.000), Max=(X=1450.000 Y=3050.000 Z=300.000) RuntimeGrid:None EditorOnly:0 RuntimeOnly:0 HLODRelevant:1 ListedInSceneOutliner:1 IsMainWorldOnly:0 FolderPath:Pillars FolderGuid:036B2AA743B234787BD1F3822B72E975
 |- ContainerInstances:
 |- [+] MainContainer:
 |   |-        ID: 00000000000000000000000000000000
 |   |-  ParentID: 00000000000000000000000000000000
 |   |-    Bounds: IsValid=false, Min=(X=0.000 Y=0.000 Z=0.000), Max=(X=0.000 Y=0.000 Z=0.000)
 |   |- Transform: 0.000000,0.000000,0.000000|0.000000,0.000000,-0.000000|1.000000,1.000000,1.000000
 |   |- Container: /Game/F_Maps/Character_TopDownMap
----------------------------------------------------------------------------------------------------------------
Character_TopDownMap - Persistent Level
----------------------------------------------------------------------------------------------------------------
[+] Content of Character_TopDownMap Persistent Level
 |- Always loaded Actor Count: 48 
 |- Actor Path: /Game/F_Maps/Character_TopDownMap.Character_TopDownMap:PersistentLevel.AbstractNavData-Default
 |- Actor Package: /Game/F_Maps/Character_TopDownMap
 |- Actor Path: /Game/F_Maps/Character_TopDownMap.Character_TopDownMap:PersistentLevel.Brush_0
 |- Actor Package: /Game/F_Maps/Character_TopDownMap
 |- Actor Path: /Game/F_Maps/Character_TopDownMap.Character_TopDownMap:PersistentLevel.DefaultPhysicsVolume_0
 |- Actor Package: /Game/F_Maps/Character_TopDownMap
 |- Actor Path: /Game/F_Maps/Character_TopDownMap.Character_TopDownMap:PersistentLevel.DirectionalLight_1
 |- Actor Package: /Game/__ExternalActors__/F_Maps/Character_TopDownMap/4/DE/QAOJ9H40BCONGPG0GEO8ZP
 |- Actor Path: /Game/F_Maps/Character_TopDownMap.Character_TopDownMap:PersistentLevel.ExponentialHeightFog_1
 |- Actor Package: /Game/__ExternalActors__/F_Maps/Character_TopDownMap/9/56/NZYPPGWHK7Y5FDGMF3NX23
 |- Actor Path: /Game/F_Maps/Character_TopDownMap.Character_TopDownMap:PersistentLevel.GameplayDebuggerPlayerManager_0
 |- Actor Package: /Game/F_Maps/Character_TopDownMap
 |- Actor Path: /Game/F_Maps/Character_TopDownMap.Character_TopDownMap:PersistentLevel.NavLinkProxy_1
 |- Actor Package: /Game/__ExternalActors__/F_Maps/Character_TopDownMap/1/XH/CLSQBGC4X45T27Y33G3ZU4
 |- Actor Path: /Game/F_Maps/Character_TopDownMap.Character_TopDownMap:PersistentLevel.NavMeshBoundsVolume_1
 |- Actor Package: /Game/__ExternalActors__/F_Maps/Character_TopDownMap/2/G7/Q29LODUVFKYU171QIZFU38
 |- Actor Path: /Game/F_Maps/Character_TopDownMap.Character_TopDownMap:PersistentLevel.PlayerStart_1
 |- Actor Package: /Game/__ExternalActors__/F_Maps/Character_TopDownMap/2/B6/644U2APP8D8RM81WNBY8MV
 |- Actor Path: /Game/F_Maps/Character_TopDownMap.Character_TopDownMap:PersistentLevel.PostProcessVolume_1
 |- Actor Package: /Game/__ExternalActors__/F_Maps/Character_TopDownMap/0/IB/PXN1Y35XTL4H0KO8FUKTI8
 |- Actor Path: /Game/F_Maps/Character_TopDownMap.Character_TopDownMap:PersistentLevel.RecastNavMesh-Default
 |- Actor Package: /Game/F_Maps/Character_TopDownMap
 |- Actor Path: /Game/F_Maps/Character_TopDownMap.Character_TopDownMap:PersistentLevel.SkyAtmosphere_1
 |- Actor Package: /Game/__ExternalActors__/F_Maps/Character_TopDownMap/7/KZ/L8G0AAGQ5JZHG7KTD16PW4
 |- Actor Path: /Game/F_Maps/Character_TopDownMap.Character_TopDownMap:PersistentLevel.SkyLight_1
 |- Actor Package: /Game/__ExternalActors__/F_Maps/Character_TopDownMap/9/WC/LM191FRPR5Y8R6WGABOVGB
 |- Actor Path: /Game/F_Maps/Character_TopDownMap.Character_TopDownMap:PersistentLevel.StaticMeshActor_34
 |- Actor Package: /Game/__ExternalActors__/F_Maps/Character_TopDownMap/2/NX/CIH2U9CW58I44KEHZ9V2NF
 |- Actor Path: /Game/F_Maps/Character_TopDownMap.Character_TopDownMap:PersistentLevel.StaticMeshActor_35
 |- Actor Package: /Game/__ExternalActors__/F_Maps/Character_TopDownMap/A/62/8A1SPHCJSHEW2CIQG8BGZ7
 |- Actor Path: /Game/F_Maps/Character_TopDownMap.Character_TopDownMap:PersistentLevel.StaticMeshActor_36
 |- Actor Package: /Game/__ExternalActors__/F_Maps/Character_TopDownMap/D/EM/A86OJJ3BH3C2FXKCBA3BVI
 |- Actor Path: /Game/F_Maps/Character_TopDownMap.Character_TopDownMap:PersistentLevel.StaticMeshActor_37
 |- Actor Package: /Game/__ExternalActors__/F_Maps/Character_TopDownMap/8/TF/RAQTSEU2FKWZGP1CVZUDZA
 |- Actor Path: /Game/F_Maps/Character_TopDownMap.Character_TopDownMap:PersistentLevel.StaticMeshActor_38
 |- Actor Package: /Game/__ExternalActors__/F_Maps/Character_TopDownMap/7/IT/OI8U2LCVH1T0MFBFEWKYQI
 |- Actor Path: /Game/F_Maps/Character_TopDownMap.Character_TopDownMap:PersistentLevel.StaticMeshActor_39
 |- Actor Package: /Game/__ExternalActors__/F_Maps/Character_TopDownMap/9/UK/0ZNGZBQS8XXO770U9S3POG
 |- Actor Path: /Game/F_Maps/Character_TopDownMap.Character_TopDownMap:PersistentLevel.StaticMeshActor_40
 |- Actor Package: /Game/__ExternalActors__/F_Maps/Character_TopDownMap/B/B3/2T24NLRWGT239NVE8B2W6X
 |- Actor Path: /Game/F_Maps/Character_TopDownMap.Character_TopDownMap:PersistentLevel.StaticMeshActor_41
 |- Actor Package: /Game/__ExternalActors__/F_Maps/Character_TopDownMap/A/IM/J1NAB2RH7V0EVLRDBPJ2CE
 |- Actor Path: /Game/F_Maps/Character_TopDownMap.Character_TopDownMap:PersistentLevel.StaticMeshActor_42
 |- Actor Package: /Game/__ExternalActors__/F_Maps/Character_TopDownMap/2/D2/H9XJ51SNAAWCEUF7HKSN3X
 |- Actor Path: /Game/F_Maps/Character_TopDownMap.Character_TopDownMap:PersistentLevel.StaticMeshActor_43
 |- Actor Package: /Game/__ExternalActors__/F_Maps/Character_TopDownMap/E/BP/HQFHZZE2SNB536ROMKKATX
 |- Actor Path: /Game/F_Maps/Character_TopDownMap.Character_TopDownMap:PersistentLevel.StaticMeshActor_44
 |- Actor Package: /Game/__ExternalActors__/F_Maps/Character_TopDownMap/F/2H/KXZEPJ8O1L902ZZDSBXKYT
 |- Actor Path: /Game/F_Maps/Character_TopDownMap.Character_TopDownMap:PersistentLevel.StaticMeshActor_45
 |- Actor Package: /Game/__ExternalActors__/F_Maps/Character_TopDownMap/8/9W/E75I0DDR8Z5V2RB1H0OK04
 |- Actor Path: /Game/F_Maps/Character_TopDownMap.Character_TopDownMap:PersistentLevel.StaticMeshActor_46
 |- Actor Package: /Game/__ExternalActors__/F_Maps/Character_TopDownMap/B/AO/9PNR6F7SD3SS74MUPS7B0R
 |- Actor Path: /Game/F_Maps/Character_TopDownMap.Character_TopDownMap:PersistentLevel.StaticMeshActor_47
 |- Actor Package: /Game/__ExternalActors__/F_Maps/Character_TopDownMap/8/2O/W7MS5X94XD94GEWH6WSYGU
 |- Actor Path: /Game/F_Maps/Character_TopDownMap.Character_TopDownMap:PersistentLevel.StaticMeshActor_48
 |- Actor Package: /Game/__ExternalActors__/F_Maps/Character_TopDownMap/C/GS/JHOZRMQSLHIIB617NR0OLK
 |- Actor Path: /Game/F_Maps/Character_TopDownMap.Character_TopDownMap:PersistentLevel.StaticMeshActor_49
 |- Actor Package: /Game/__ExternalActors__/F_Maps/Character_TopDownMap/D/PL/H8YICF6Q4I1VYUCHQOXR5C
 |- Actor Path: /Game/F_Maps/Character_TopDownMap.Character_TopDownMap:PersistentLevel.StaticMeshActor_50
 |- Actor Package: /Game/__ExternalActors__/F_Maps/Character_TopDownMap/3/6I/1YMWY14KQJ31XQWP10C6MB
 |- Actor Path: /Game/F_Maps/Character_TopDownMap.Character_TopDownMap:PersistentLevel.StaticMeshActor_51
 |- Actor Package: /Game/__ExternalActors__/F_Maps/Character_TopDownMap/A/42/7MP8ANR0WRHAIY90UL1LU8
 |- Actor Path: /Game/F_Maps/Character_TopDownMap.Character_TopDownMap:PersistentLevel.StaticMeshActor_52
 |- Actor Package: /Game/__ExternalActors__/F_Maps/Character_TopDownMap/6/A8/RJXGCXQGPTAEI73V6GSO96
 |- Actor Path: /Game/F_Maps/Character_TopDownMap.Character_TopDownMap:PersistentLevel.StaticMeshActor_53
 |- Actor Package: /Game/__ExternalActors__/F_Maps/Character_TopDownMap/9/Q9/4NDY6NEPTU2OQ5367FRK60
 |- Actor Path: /Game/F_Maps/Character_TopDownMap.Character_TopDownMap:PersistentLevel.StaticMeshActor_54
 |- Actor Package: /Game/__ExternalActors__/F_Maps/Character_TopDownMap/4/40/G8WXLJFNU8RQDPBTICPQ0O
 |- Actor Path: /Game/F_Maps/Character_TopDownMap.Character_TopDownMap:PersistentLevel.StaticMeshActor_55
 |- Actor Package: /Game/__ExternalActors__/F_Maps/Character_TopDownMap/6/8Q/KFNI6XB2Y6NZTHUWWQNT2L
 |- Actor Path: /Game/F_Maps/Character_TopDownMap.Character_TopDownMap:PersistentLevel.StaticMeshActor_56
 |- Actor Package: /Game/__ExternalActors__/F_Maps/Character_TopDownMap/2/N7/VYH4LEKUKNLYTRTLW43JZ8
 |- Actor Path: /Game/F_Maps/Character_TopDownMap.Character_TopDownMap:PersistentLevel.StaticMeshActor_57
 |- Actor Package: /Game/__ExternalActors__/F_Maps/Character_TopDownMap/E/EZ/PH9LQBVQDR34QSG3ERBN8D
 |- Actor Path: /Game/F_Maps/Character_TopDownMap.Character_TopDownMap:PersistentLevel.StaticMeshActor_58
 |- Actor Package: /Game/__ExternalActors__/F_Maps/Character_TopDownMap/6/4H/BNE0Y49YPXROFDIOGG9ICB
 |- Actor Path: /Game/F_Maps/Character_TopDownMap.Character_TopDownMap:PersistentLevel.StaticMeshActor_59
 |- Actor Package: /Game/__ExternalActors__/F_Maps/Character_TopDownMap/4/5A/1OQBPMNKJKM7HJ5421YNLF
 |- Actor Path: /Game/F_Maps/Character_TopDownMap.Character_TopDownMap:PersistentLevel.StaticMeshActor_60
 |- Actor Package: /Game/__ExternalActors__/F_Maps/Character_TopDownMap/0/J4/H0YD1TXOUVAPSJPD1AVRMX
 |- Actor Path: /Game/F_Maps/Character_TopDownMap.Character_TopDownMap:PersistentLevel.StaticMeshActor_61
 |- Actor Package: /Game/__ExternalActors__/F_Maps/Character_TopDownMap/C/2F/TLBO84PXLJPPC6L4JP9TG9
 |- Actor Path: /Game/F_Maps/Character_TopDownMap.Character_TopDownMap:PersistentLevel.StaticMeshActor_UAID_A4AE111137DC5CFB00_1546167071
 |- Actor Package: /Game/__ExternalActors__/F_Maps/Character_TopDownMap/B/0N/PH8PW753C0Q230SK6K7STJ
 |- Actor Path: /Game/F_Maps/Character_TopDownMap.Character_TopDownMap:PersistentLevel.TextRenderActor_1
 |- Actor Package: /Game/__ExternalActors__/F_Maps/Character_TopDownMap/3/6Y/KJX1H5GYYYN6349F6MX6N9
 |- Actor Path: /Game/F_Maps/Character_TopDownMap.Character_TopDownMap:PersistentLevel.TopDownMap_Character_C_1
 |- Actor Package: /Game/F_Maps/Character_TopDownMap
 |- Actor Path: /Game/F_Maps/Character_TopDownMap.Character_TopDownMap:PersistentLevel.VolumetricCloud_1
 |- Actor Package: /Game/__ExternalActors__/F_Maps/Character_TopDownMap/C/VM/DAO49Q54N4XDC6N8ZGWBF6
 |- Actor Path: /Game/F_Maps/Character_TopDownMap.Character_TopDownMap:PersistentLevel.WorldDataLayers
 |- Actor Package: /Game/__ExternalActors__/F_Maps/Character_TopDownMap/5/E5/IDSV9KPJFZNUQVOZ574ZEH
 |- Actor Path: /Game/F_Maps/Character_TopDownMap.Character_TopDownMap:PersistentLevel.WorldInfo_0
 |- Actor Package: /Game/F_Maps/Character_TopDownMap
 |- Actor Path: /Game/F_Maps/Character_TopDownMap.Character_TopDownMap:PersistentLevel.WorldPartitionMiniMap_0
 |- Actor Package: /Game/__ExternalActors__/F_Maps/Character_TopDownMap/8/KE/PXZ0AOQO70RF59K9YWAOS8

----------------------------------------------------------------------------------------------------------------
Character_TopDownMap - Runtime Spatial Hash - Streaming Grid - MainGrid
----------------------------------------------------------------------------------------------------------------
            Origin: X=0.000 Y=0.000 Z=0.000
         Cell Size: 12800
      World Bounds: IsValid=false, Min=(X=0.000 Y=0.000 Z=0.000), Max=(X=0.000 Y=0.000 Z=0.000)
     Loading Range: 25600.00
Block Slow Loading: No
 ClientOnlyVisible: No
            Origin: X=0.000 Y=0.000 Z=0.000

[+] Grid Levels: 1
 |- Level  0: Cell Count    0 | Cell Size   12800 | Actor Count    0 (0.0%)

[+] Content of Grid Level 0

