Log started at 06/23/2024 17:09:32 (2024-06-23T08:09:32Z)
No config file at C:\Users\kjk16\Documents\Unreal Engine\UnrealBuildTool\BuildConfiguration.xml
Configuration will be read from:
  C:\Users\kjk16\AppData\Roaming\Unreal Engine\UnrealBuildTool\BuildConfiguration.xml
Log file: C:\Users\kjk16\Documents\GitHub\Raid\RaidGame\Saved\Logs\UnrealVersionSelector-2024.06.23-17.09.32.log

Setting temp directory to 'C:\Users\kjk16\AppData\Local\Temp\UnrealBuildTool\319625c3'
    Registering build platform: UnrealBuildTool.AndroidPlatformFactory
        Registering build platform: Android - buildable: False
    Registering build platform: UnrealBuildTool.IOSPlatformFactory
        Registering build platform: IOS - buildable: False
    Registering build platform: UnrealBuildTool.LinuxPlatformFactory
        Registering build platform: Linux - buildable: False
        Registering build platform: LinuxArm64 - buildable: False
    Registering build platform: UnrealBuildTool.MacPlatformFactory
    Registering build platform: UnrealBuildTool.TVOSPlatformFactory
    Registering build platform: UnrealBuildTool.WindowsPlatformFactory
Found Windows 10 SDK root at C:\Program Files (x86)\Windows Kits\10 (1)
Found Windows 10 SDK root at C:\Program Files (x86)\Windows Kits\10 (2)
Found Windows 10 SDK version 10.0.20348.0 at C:\Program Files (x86)\Windows Kits\10
Found Universal CRT version 10.0.20348.0 at C:\Program Files (x86)\Windows Kits\10
Found Windows 10 SDK version 10.0.22000.0 at C:\Program Files (x86)\Windows Kits\10
Found Universal CRT version 10.0.22000.0 at C:\Program Files (x86)\Windows Kits\10
Found Windows 10 SDK version 10.0.22621.0 at C:\Program Files (x86)\Windows Kits\10
Found Universal CRT version 10.0.22621.0 at C:\Program Files (x86)\Windows Kits\10
Win64 Installed SDK(s): MinVersion_Sdk=10.0.00000.0, MaxVersion_Sdk=10.9.99999.0, CurrentVersion_Sdk=10.0.22621.0, Version_AutoSdk=10.0.18362.0, CurrentVersion_AutoSdk=
        Registering build platform: Win64 - buildable: True
Log file: C:\Users\kjk16\AppData\Local\UnrealBuildTool\Log_GPF.txt
Deleting old log file: C:\Users\kjk16\AppData\Local\UnrealBuildTool\Log_GPF-backup-2024.03.04-04.43.06.txt
Resolved project argument C:/Users/kjk16/Documents/GitHub/Raid/RaidGame/RaidGame.uproject to C:\Users\kjk16\Documents\GitHub\Raid\RaidGame\RaidGame.uproject
Registering project generator UnrealBuildTool.AndroidProjectGenerator for Android
Registering project generator UnrealBuildTool.IOSProjectGenerator for IOS
Registering project generator UnrealBuildTool.LinuxProjectGenerator for Linux
Registering project generator UnrealBuildTool.LinuxProjectGenerator for LinuxArm64
Registering project generator UnrealBuildTool.MacProjectGenerator for Mac
Skipping project file generator registration for Mac due to no valid BuildPlatform.
Registering project generator UnrealBuildTool.TVOSProjectGenerator for TVOS
Skipping project file generator registration for TVOS due to no valid BuildPlatform.
Registering project generator UnrealBuildTool.WindowsProjectGenerator for Win64

---   SDK INFO START   ---

Some Platforms were skipped due to invalid SDK setup: IOS, Android, Linux, LinuxArm64.
See the log file for detailed information

---   SDK INFO END   ---


Generating VisualStudio2022 project files:
Discovering modules, targets and source code for project...
Found Visual Studio installation: C:\Program Files\Microsoft Visual Studio\2022\Community (Product=Microsoft.VisualStudio.Product.Community, Version=17.9.34701.34)
Found Visual Studio toolchain: C:\Program Files\Microsoft Visual Studio\2022\Community\VC\Tools\MSVC\14.36.32532 (Family=14.36.32532, FamilyRank=0, Version=14.36.32545, Is64Bit=True, ReleaseChannel=Latest, Architecture=x64, Error=False, Redist=C:\Program Files\Microsoft Visual Studio\2022\Community\VC\Redist\MSVC\14.36.32532)
Found Visual Studio toolchain: C:\Program Files\Microsoft Visual Studio\2022\Community\VC\Tools\MSVC\14.39.33519 (Family=14.39.33519, FamilyRank=4, Version=14.39.33522, Is64Bit=True, ReleaseChannel=Latest, Architecture=x64, Error=False, Redist=C:\Program Files\Microsoft Visual Studio\2022\Community\VC\Redist\MSVC\14.38.33135)
Detected supported platforms: Win64, IOS, Android, Linux, LinuxArm64
Skipping C:\Program Files\Epic Games\UE_5.3\Engine\Intermediate\Build\BuildRules\UE5Rules.dll: File is installed
Skipping C:\Program Files\Epic Games\UE_5.3\Engine\Intermediate\Build\BuildRules\UE5ProgramRules.dll: File is installed
Generating target Editor for C:\Users\kjk16\Documents\GitHub\Raid\RaidGame\Intermediate\ProjectFiles\UE5.vcxproj
Generating target Game for C:\Users\kjk16\Documents\GitHub\Raid\RaidGame\Intermediate\ProjectFiles\UE5.vcxproj
Unhandled exception: EpicGames.Core.JsonParseException: Unable to parse C:\Users\kjk16\Documents\GitHub\Raid\RaidGame\Intermediate\Build\BuildRules\RaidGameModuleRulesManifest.json: '<' is an invalid start of a value. LineNumber: 2 | BytePositionInLine: 0.
   at EpicGames.Core.JsonObject.Read(FileReference file) in C:\Program Files\Epic Games\UE_5.3\Engine\Source\Programs\Shared\EpicGames.Core\JsonObject.cs:line 98
   at UnrealBuildTool.DynamicCompilation.RequiresCompilation(IEnumerable`1 SourceFiles, FileReference AssemblyManifestFilePath, FileReference OutputAssemblyPath, ILogger Logger) in C:\Program Files\Epic Games\UE_5.3\Engine\Source\Programs\UnrealBuildTool\System\DynamicCompilation.cs:line 70
   at UnrealBuildTool.DynamicCompilation.CompileAndLoadAssembly(FileReference OutputAssemblyPath, IEnumerable`1 SourceFileNames, ILogger Logger, IEnumerable`1 ReferencedAssembies, IEnumerable`1 PreprocessorDefines, Boolean DoNotCompile, Boolean ForceCompile, Boolean TreatWarningsAsErrors) in C:\Program Files\Epic Games\UE_5.3\Engine\Source\Programs\UnrealBuildTool\System\DynamicCompilation.cs:line 304
   at UnrealBuildTool.RulesAssembly..ctor(RulesScope Scope, IReadOnlyList`1 BaseDirs, IReadOnlyList`1 Plugins, IReadOnlyDictionary`2 ModuleFileToContext, IReadOnlyList`1 TargetFiles, FileReference AssemblyFileName, Boolean bContainsEngineModules, Nullable`1 DefaultBuildSettings, Boolean bReadOnly, Boolean bSkipCompile, Boolean bForceCompile, RulesAssembly Parent, ILogger Logger) in C:\Program Files\Epic Games\UE_5.3\Engine\Source\Programs\UnrealBuildTool\System\RulesAssembly.cs:line 141
   at UnrealBuildTool.RulesCompiler.<>c__DisplayClass9_0.<CreateProjectRulesAssembly>b__0(FileReference _) in C:\Program Files\Epic Games\UE_5.3\Engine\Source\Programs\UnrealBuildTool\System\RulesCompiler.cs:line 320
   at System.Collections.Concurrent.ConcurrentDictionary`2.GetOrAdd(TKey key, Func`2 valueFactory)
   at UnrealBuildTool.ProjectFileGenerator.AddProjectsForAllTargets(PlatformProjectGeneratorCollection PlatformProjectGenerators, List`1 AllGames, List`1 AllTargetFiles, String[] Arguments, List`1 EngineProjects, List`1 GameProjects, Dictionary`2 ProjectFileToUProjectFile, Dictionary`2 ProgramProjects, Dictionary`2 RulesAssemblies, ILogger Logger) in C:\Program Files\Epic Games\UE_5.3\Engine\Source\Programs\UnrealBuildTool\ProjectFiles\ProjectFileGenerator.cs:line 2711
   at UnrealBuildTool.ProjectFileGenerator.GenerateProjectFiles(PlatformProjectGeneratorCollection PlatformProjectGenerators, String[] Arguments, Boolean bCacheDataForEditor, ILogger Logger) in C:\Program Files\Epic Games\UE_5.3\Engine\Source\Programs\UnrealBuildTool\ProjectFiles\ProjectFileGenerator.cs:line 1023
   at UnrealBuildTool.GenerateProjectFilesMode.ExecuteAsync(CommandLineArguments Arguments, ILogger Logger) in C:\Program Files\Epic Games\UE_5.3\Engine\Source\Programs\UnrealBuildTool\Modes\GenerateProjectFilesMode.cs:line 65
   at UnrealBuildTool.UnrealBuildTool.Main(String[] ArgumentsArray) in C:\Program Files\Epic Games\UE_5.3\Engine\Source\Programs\UnrealBuildTool\UnrealBuildTool.cs:line 659
Unhandled exception: JsonParseException: Unable to parse C:\Users\kjk16\Documents\GitHub\Raid\RaidGame\Intermediate\Build\BuildRules\RaidGameModuleRulesManifest.json: '<' is an invalid start of a value. LineNumber: 2 | BytePositionInLine: 0.
   at EpicGames.Core.JsonObject.Read(FileReference file) in C:\Program Files\Epic Games\UE_5.3\Engine\Source\Programs\Shared\EpicGames.Core\JsonObject.cs:line 98
   at UnrealBuildTool.DynamicCompilation.RequiresCompilation(IEnumerable`1 SourceFiles, FileReference AssemblyManifestFilePath, FileReference OutputAssemblyPath, ILogger Logger) in C:\Program Files\Epic Games\UE_5.3\Engine\Source\Programs\UnrealBuildTool\System\DynamicCompilation.cs:line 70
   at UnrealBuildTool.DynamicCompilation.CompileAndLoadAssembly(FileReference OutputAssemblyPath, IEnumerable`1 SourceFileNames, ILogger Logger, IEnumerable`1 ReferencedAssembies, IEnumerable`1 PreprocessorDefines, Boolean DoNotCompile, Boolean ForceCompile, Boolean TreatWarningsAsErrors) in C:\Program Files\Epic Games\UE_5.3\Engine\Source\Programs\UnrealBuildTool\System\DynamicCompilation.cs:line 304
   at UnrealBuildTool.RulesAssembly..ctor(RulesScope Scope, IReadOnlyList`1 BaseDirs, IReadOnlyList`1 Plugins, IReadOnlyDictionary`2 ModuleFileToContext, IReadOnlyList`1 TargetFiles, FileReference AssemblyFileName, Boolean bContainsEngineModules, Nullable`1 DefaultBuildSettings, Boolean bReadOnly, Boolean bSkipCompile, Boolean bForceCompile, RulesAssembly Parent, ILogger Logger) in C:\Program Files\Epic Games\UE_5.3\Engine\Source\Programs\UnrealBuildTool\System\RulesAssembly.cs:line 141
   at UnrealBuildTool.RulesCompiler.<>c__DisplayClass9_0.<CreateProjectRulesAssembly>b__0(FileReference _) in C:\Program Files\Epic Games\UE_5.3\Engine\Source\Programs\UnrealBuildTool\System\RulesCompiler.cs:line 320
   at System.Collections.Concurrent.ConcurrentDictionary`2.GetOrAdd(TKey key, Func`2 valueFactory)
   at UnrealBuildTool.ProjectFileGenerator.AddProjectsForAllTargets(PlatformProjectGeneratorCollection PlatformProjectGenerators, List`1 AllGames, List`1 AllTargetFiles, String[] Arguments, List`1 EngineProjects, List`1 GameProjects, Dictionary`2 ProjectFileToUProjectFile, Dictionary`2 ProgramProjects, Dictionary`2 RulesAssemblies, ILogger Logger) in C:\Program Files\Epic Games\UE_5.3\Engine\Source\Programs\UnrealBuildTool\ProjectFiles\ProjectFileGenerator.cs:line 2711
   at UnrealBuildTool.ProjectFileGenerator.GenerateProjectFiles(PlatformProjectGeneratorCollection PlatformProjectGenerators, String[] Arguments, Boolean bCacheDataForEditor, ILogger Logger) in C:\Program Files\Epic Games\UE_5.3\Engine\Source\Programs\UnrealBuildTool\ProjectFiles\ProjectFileGenerator.cs:line 1023
   at UnrealBuildTool.GenerateProjectFilesMode.ExecuteAsync(CommandLineArguments Arguments, ILogger Logger) in C:\Program Files\Epic Games\UE_5.3\Engine\Source\Programs\UnrealBuildTool\Modes\GenerateProjectFilesMode.cs:line 65
   at UnrealBuildTool.UnrealBuildTool.Main(String[] ArgumentsArray) in C:\Program Files\Epic Games\UE_5.3\Engine\Source\Programs\UnrealBuildTool\UnrealBuildTool.cs:line 659
WriteFileIfChanged() wrote 0 changed files of 2 requested writes.
Timeline:

[ 0.000]
[ 0.000](+2.696) <unknown>
[ 2.696]
